<?xml version="1.0" encoding="UTF-8"?>
<testsuite xmlns:xsi="http://www.w3.org/2001/XMLSchema-instance" xsi:noNamespaceSchemaLocation="https://maven.apache.org/surefire/maven-surefire-plugin/xsd/surefire-test-report-3.0.xsd" version="3.0" name="br.com.aylan.jpa.VendaJpaDAOTest" time="13.97" tests="11" errors="0" skipped="0" failures="0">
  <properties>
[...]
</properties>
  <testcase name="removerApenasUmProduto" classname="br.com.aylan.jpa.VendaJpaDAOTest" time="1.523">
    <system-out><![CDATA[Hibernate: 
    select
        nextval ('sq_cliente')
Hibernate: 
    insert 
    into
        TB_CLIENTE
        (CIDADE, CPF, ENDERECO, ESTADO, NOME, NUMERO, TEL, id) 
    values
        (?, ?, ?, ?, ?, ?, ?, ?)
Hibernate: 
    select
        nextval ('sq_produto')
Hibernate: 
    insert 
    into
        TB_PRODUTO
        (codigo, DESCRICAO, NOME, valor, id) 
    values
        (?, ?, ?, ?, ?)
Hibernate: 
    select
        produtojpa0_.id as id1_1_0_,
        produtojpa0_.codigo as codigo2_1_0_,
        produtojpa0_.DESCRICAO as descrica3_1_0_,
        produtojpa0_.NOME as nome4_1_0_,
        produtojpa0_.valor as valor5_1_0_ 
    from
        TB_PRODUTO produtojpa0_ 
    where
        produtojpa0_.id=?
Hibernate: 
    select
        clientejpa0_.id as id1_0_0_,
        clientejpa0_.CIDADE as cidade2_0_0_,
        clientejpa0_.CPF as cpf3_0_0_,
        clientejpa0_.ENDERECO as endereco4_0_0_,
        clientejpa0_.ESTADO as estado5_0_0_,
        clientejpa0_.NOME as nome6_0_0_,
        clientejpa0_.NUMERO as numero7_0_0_,
        clientejpa0_.TEL as tel8_0_0_ 
    from
        TB_CLIENTE clientejpa0_ 
    where
        clientejpa0_.id=?
Hibernate: 
    select
        nextval ('sq_venda')
Hibernate: 
    select
        nextval ('sq_prod_qtd')
Hibernate: 
    insert 
    into
        TB_VENDA
        (id_cliente_fk, CODIGO, DATA_VENDA, STATUS_VENDA, VALOR_TOTAL, id) 
    values
        (?, ?, ?, ?, ?, ?)
Hibernate: 
    insert 
    into
        TB_PRODUTO_QUANTIDADE
        (produto_id, quantidade, valor_total, id_venda_fk, id) 
    values
        (?, ?, ?, ?, ?)
Hibernate: 
    select
        nextval ('sq_produto')
Hibernate: 
    insert 
    into
        TB_PRODUTO
        (codigo, DESCRICAO, NOME, valor, id) 
    values
        (?, ?, ?, ?, ?)
Hibernate: 
    select
        vendajpa0_.id as id1_3_0_,
        clientejpa1_.id as id1_0_1_,
        produtos2_.id as id1_2_2_,
        vendajpa0_.id_cliente_fk as id_clien6_3_0_,
        vendajpa0_.CODIGO as codigo2_3_0_,
        vendajpa0_.DATA_VENDA as data_ven3_3_0_,
        vendajpa0_.STATUS_VENDA as status_v4_3_0_,
        vendajpa0_.VALOR_TOTAL as valor_to5_3_0_,
        clientejpa1_.CIDADE as cidade2_0_1_,
        clientejpa1_.CPF as cpf3_0_1_,
        clientejpa1_.ENDERECO as endereco4_0_1_,
        clientejpa1_.ESTADO as estado5_0_1_,
        clientejpa1_.NOME as nome6_0_1_,
        clientejpa1_.NUMERO as numero7_0_1_,
        clientejpa1_.TEL as tel8_0_1_,
        produtos2_.produto_id as produto_4_2_2_,
        produtos2_.quantidade as quantida2_2_2_,
        produtos2_.valor_total as valor_to3_2_2_,
        produtos2_.id_venda_fk as id_venda5_2_2_,
        produtos2_.id_venda_fk as id_venda5_2_0__,
        produtos2_.id as id1_2_0__ 
    from
        TB_VENDA vendajpa0_ 
    inner join
        TB_CLIENTE clientejpa1_ 
            on vendajpa0_.id_cliente_fk=clientejpa1_.id 
    inner join
        TB_PRODUTO_QUANTIDADE produtos2_ 
            on vendajpa0_.id=produtos2_.id_venda_fk 
    where
        vendajpa0_.id=13
Hibernate: 
    select
        produtojpa0_.id as id1_1_0_,
        produtojpa0_.codigo as codigo2_1_0_,
        produtojpa0_.DESCRICAO as descrica3_1_0_,
        produtojpa0_.NOME as nome4_1_0_,
        produtojpa0_.valor as valor5_1_0_ 
    from
        TB_PRODUTO produtojpa0_ 
    where
        produtojpa0_.id=?
Hibernate: 
    select
        vendajpa0_.id as id1_3_,
        vendajpa0_.id_cliente_fk as id_clien6_3_,
        vendajpa0_.CODIGO as codigo2_3_,
        vendajpa0_.DATA_VENDA as data_ven3_3_,
        vendajpa0_.STATUS_VENDA as status_v4_3_,
        vendajpa0_.VALOR_TOTAL as valor_to5_3_ 
    from
        TB_VENDA vendajpa0_
Hibernate: 
    select
        clientejpa0_.id as id1_0_0_,
        clientejpa0_.CIDADE as cidade2_0_0_,
        clientejpa0_.CPF as cpf3_0_0_,
        clientejpa0_.ENDERECO as endereco4_0_0_,
        clientejpa0_.ESTADO as estado5_0_0_,
        clientejpa0_.NOME as nome6_0_0_,
        clientejpa0_.NUMERO as numero7_0_0_,
        clientejpa0_.TEL as tel8_0_0_ 
    from
        TB_CLIENTE clientejpa0_ 
    where
        clientejpa0_.id=?
Hibernate: 
    select
        vendajpa0_.id as id1_3_2_,
        vendajpa0_.id_cliente_fk as id_clien6_3_2_,
        vendajpa0_.CODIGO as codigo2_3_2_,
        vendajpa0_.DATA_VENDA as data_ven3_3_2_,
        vendajpa0_.STATUS_VENDA as status_v4_3_2_,
        vendajpa0_.VALOR_TOTAL as valor_to5_3_2_,
        produtos1_.id_venda_fk as id_venda5_2_4_,
        produtos1_.id as id1_2_4_,
        produtos1_.id as id1_2_0_,
        produtos1_.produto_id as produto_4_2_0_,
        produtos1_.quantidade as quantida2_2_0_,
        produtos1_.valor_total as valor_to3_2_0_,
        produtos1_.id_venda_fk as id_venda5_2_0_,
        produtojpa2_.id as id1_1_1_,
        produtojpa2_.codigo as codigo2_1_1_,
        produtojpa2_.DESCRICAO as descrica3_1_1_,
        produtojpa2_.NOME as nome4_1_1_,
        produtojpa2_.valor as valor5_1_1_ 
    from
        TB_VENDA vendajpa0_ 
    left outer join
        TB_PRODUTO_QUANTIDADE produtos1_ 
            on vendajpa0_.id=produtos1_.id_venda_fk 
    left outer join
        TB_PRODUTO produtojpa2_ 
            on produtos1_.produto_id=produtojpa2_.id 
    where
        vendajpa0_.id=?
Hibernate: 
    select
        clientejpa0_.id as id1_0_0_,
        clientejpa0_.CIDADE as cidade2_0_0_,
        clientejpa0_.CPF as cpf3_0_0_,
        clientejpa0_.ENDERECO as endereco4_0_0_,
        clientejpa0_.ESTADO as estado5_0_0_,
        clientejpa0_.NOME as nome6_0_0_,
        clientejpa0_.NUMERO as numero7_0_0_,
        clientejpa0_.TEL as tel8_0_0_ 
    from
        TB_CLIENTE clientejpa0_ 
    where
        clientejpa0_.id=?
Hibernate: 
    delete 
    from
        TB_PRODUTO_QUANTIDADE 
    where
        id=?
Hibernate: 
    delete 
    from
        TB_PRODUTO 
    where
        id=?
Hibernate: 
    delete 
    from
        TB_VENDA 
    where
        id=?
Hibernate: 
    select
        produtojpa0_.id as id1_1_,
        produtojpa0_.codigo as codigo2_1_,
        produtojpa0_.DESCRICAO as descrica3_1_,
        produtojpa0_.NOME as nome4_1_,
        produtojpa0_.valor as valor5_1_ 
    from
        TB_PRODUTO produtojpa0_
Hibernate: 
    select
        produtojpa0_.id as id1_1_0_,
        produtojpa0_.codigo as codigo2_1_0_,
        produtojpa0_.DESCRICAO as descrica3_1_0_,
        produtojpa0_.NOME as nome4_1_0_,
        produtojpa0_.valor as valor5_1_0_ 
    from
        TB_PRODUTO produtojpa0_ 
    where
        produtojpa0_.id=?
Hibernate: 
    delete 
    from
        TB_PRODUTO 
    where
        id=?
Hibernate: 
    select
        clientejpa0_.id as id1_0_0_,
        clientejpa0_.CIDADE as cidade2_0_0_,
        clientejpa0_.CPF as cpf3_0_0_,
        clientejpa0_.ENDERECO as endereco4_0_0_,
        clientejpa0_.ESTADO as estado5_0_0_,
        clientejpa0_.NOME as nome6_0_0_,
        clientejpa0_.NUMERO as numero7_0_0_,
        clientejpa0_.TEL as tel8_0_0_ 
    from
        TB_CLIENTE clientejpa0_ 
    where
        clientejpa0_.id=?
Hibernate: 
    delete 
    from
        TB_CLIENTE 
    where
        id=?
]]></system-out>
    <system-err><![CDATA[mar. 18, 2026 9:43:45 AM org.hibernate.jpa.internal.util.LogHelper logPersistenceUnitInformation
INFO: HHH000204: Processing PersistenceUnitInfo [name: ExemploJPA]
mar. 18, 2026 9:43:45 AM org.hibernate.engine.jdbc.connections.internal.DriverManagerConnectionProviderImpl configure
WARN: HHH10001002: Using Hibernate built-in connection pool (not for production use!)
mar. 18, 2026 9:43:45 AM org.hibernate.engine.jdbc.connections.internal.DriverManagerConnectionProviderImpl buildCreator
INFO: HHH10001005: using driver [org.postgresql.Driver] at URL [jdbc:postgresql://localhost:5432/vendas_online]
mar. 18, 2026 9:43:45 AM org.hibernate.engine.jdbc.connections.internal.DriverManagerConnectionProviderImpl buildCreator
INFO: HHH10001001: Connection properties: {password=****, user=postgres}
mar. 18, 2026 9:43:45 AM org.hibernate.engine.jdbc.connections.internal.DriverManagerConnectionProviderImpl buildCreator
INFO: HHH10001003: Autocommit mode: false
mar. 18, 2026 9:43:45 AM org.hibernate.engine.jdbc.connections.internal.DriverManagerConnectionProviderImpl$PooledConnections <init>
INFO: HHH000115: Hibernate connection pool size: 20 (min=1)
mar. 18, 2026 9:43:46 AM org.hibernate.dialect.Dialect <init>
INFO: HHH000400: Using dialect: org.hibernate.dialect.PostgreSQLDialect
mar. 18, 2026 9:43:46 AM org.hibernate.resource.transaction.backend.jdbc.internal.DdlTransactionIsolatorNonJtaImpl getIsolatedConnection
INFO: HHH10001501: Connection obtained from JdbcConnectionAccess [org.hibernate.engine.jdbc.env.internal.JdbcEnvironmentInitiator$ConnectionProviderJdbcConnectionAccess@6fa53b0d] for (non-JTA) DDL execution was not in auto-commit mode; the Connection 'local transaction' will be committed and the Connection will be set into auto-commit mode.
mar. 18, 2026 9:43:46 AM org.hibernate.engine.transaction.jta.platform.internal.JtaPlatformInitiator initiateService
INFO: HHH000490: Using JtaPlatform implementation: [org.hibernate.engine.transaction.jta.platform.internal.NoJtaPlatform]
mar. 18, 2026 9:43:46 AM org.hibernate.engine.jdbc.connections.internal.DriverManagerConnectionProviderImpl$PoolState stop
INFO: HHH10001008: Cleaning up connection pool [jdbc:postgresql://localhost:5432/vendas_online]
mar. 18, 2026 9:43:46 AM org.hibernate.jpa.internal.util.LogHelper logPersistenceUnitInformation
INFO: HHH000204: Processing PersistenceUnitInfo [name: ExemploJPA]
mar. 18, 2026 9:43:46 AM org.hibernate.engine.jdbc.connections.internal.DriverManagerConnectionProviderImpl configure
WARN: HHH10001002: Using Hibernate built-in connection pool (not for production use!)
mar. 18, 2026 9:43:46 AM org.hibernate.engine.jdbc.connections.internal.DriverManagerConnectionProviderImpl buildCreator
INFO: HHH10001005: using driver [org.postgresql.Driver] at URL [jdbc:postgresql://localhost:5432/vendas_online]
mar. 18, 2026 9:43:46 AM org.hibernate.engine.jdbc.connections.internal.DriverManagerConnectionProviderImpl buildCreator
INFO: HHH10001001: Connection properties: {password=****, user=postgres}
mar. 18, 2026 9:43:46 AM org.hibernate.engine.jdbc.connections.internal.DriverManagerConnectionProviderImpl buildCreator
INFO: HHH10001003: Autocommit mode: false
mar. 18, 2026 9:43:46 AM org.hibernate.engine.jdbc.connections.internal.DriverManagerConnectionProviderImpl$PooledConnections <init>
INFO: HHH000115: Hibernate connection pool size: 20 (min=1)
mar. 18, 2026 9:43:46 AM org.hibernate.dialect.Dialect <init>
INFO: HHH000400: Using dialect: org.hibernate.dialect.PostgreSQLDialect
mar. 18, 2026 9:43:46 AM org.hibernate.resource.transaction.backend.jdbc.internal.DdlTransactionIsolatorNonJtaImpl getIsolatedConnection
INFO: HHH10001501: Connection obtained from JdbcConnectionAccess [org.hibernate.engine.jdbc.env.internal.JdbcEnvironmentInitiator$ConnectionProviderJdbcConnectionAccess@5b2a690f] for (non-JTA) DDL execution was not in auto-commit mode; the Connection 'local transaction' will be committed and the Connection will be set into auto-commit mode.
mar. 18, 2026 9:43:46 AM org.hibernate.engine.transaction.jta.platform.internal.JtaPlatformInitiator initiateService
INFO: HHH000490: Using JtaPlatform implementation: [org.hibernate.engine.transaction.jta.platform.internal.NoJtaPlatform]
mar. 18, 2026 9:43:46 AM org.hibernate.engine.jdbc.connections.internal.DriverManagerConnectionProviderImpl$PoolState stop
INFO: HHH10001008: Cleaning up connection pool [jdbc:postgresql://localhost:5432/vendas_online]
mar. 18, 2026 9:43:46 AM org.hibernate.jpa.internal.util.LogHelper logPersistenceUnitInformation
INFO: HHH000204: Processing PersistenceUnitInfo [name: ExemploJPA]
mar. 18, 2026 9:43:46 AM org.hibernate.engine.jdbc.connections.internal.DriverManagerConnectionProviderImpl configure
WARN: HHH10001002: Using Hibernate built-in connection pool (not for production use!)
mar. 18, 2026 9:43:46 AM org.hibernate.engine.jdbc.connections.internal.DriverManagerConnectionProviderImpl buildCreator
INFO: HHH10001005: using driver [org.postgresql.Driver] at URL [jdbc:postgresql://localhost:5432/vendas_online]
mar. 18, 2026 9:43:46 AM org.hibernate.engine.jdbc.connections.internal.DriverManagerConnectionProviderImpl buildCreator
INFO: HHH10001001: Connection properties: {password=****, user=postgres}
mar. 18, 2026 9:43:46 AM org.hibernate.engine.jdbc.connections.internal.DriverManagerConnectionProviderImpl buildCreator
INFO: HHH10001003: Autocommit mode: false
mar. 18, 2026 9:43:46 AM org.hibernate.engine.jdbc.connections.internal.DriverManagerConnectionProviderImpl$PooledConnections <init>
INFO: HHH000115: Hibernate connection pool size: 20 (min=1)
mar. 18, 2026 9:43:46 AM org.hibernate.dialect.Dialect <init>
INFO: HHH000400: Using dialect: org.hibernate.dialect.PostgreSQLDialect
mar. 18, 2026 9:43:46 AM org.hibernate.resource.transaction.backend.jdbc.internal.DdlTransactionIsolatorNonJtaImpl getIsolatedConnection
INFO: HHH10001501: Connection obtained from JdbcConnectionAccess [org.hibernate.engine.jdbc.env.internal.JdbcEnvironmentInitiator$ConnectionProviderJdbcConnectionAccess@67d0fc1f] for (non-JTA) DDL execution was not in auto-commit mode; the Connection 'local transaction' will be committed and the Connection will be set into auto-commit mode.
mar. 18, 2026 9:43:46 AM org.hibernate.engine.transaction.jta.platform.internal.JtaPlatformInitiator initiateService
INFO: HHH000490: Using JtaPlatform implementation: [org.hibernate.engine.transaction.jta.platform.internal.NoJtaPlatform]
mar. 18, 2026 9:43:46 AM org.hibernate.engine.jdbc.connections.internal.DriverManagerConnectionProviderImpl$PoolState stop
INFO: HHH10001008: Cleaning up connection pool [jdbc:postgresql://localhost:5432/vendas_online]
mar. 18, 2026 9:43:46 AM org.hibernate.jpa.internal.util.LogHelper logPersistenceUnitInformation
INFO: HHH000204: Processing PersistenceUnitInfo [name: ExemploJPA]
mar. 18, 2026 9:43:46 AM org.hibernate.engine.jdbc.connections.internal.DriverManagerConnectionProviderImpl configure
WARN: HHH10001002: Using Hibernate built-in connection pool (not for production use!)
mar. 18, 2026 9:43:46 AM org.hibernate.engine.jdbc.connections.internal.DriverManagerConnectionProviderImpl buildCreator
INFO: HHH10001005: using driver [org.postgresql.Driver] at URL [jdbc:postgresql://localhost:5432/vendas_online]
mar. 18, 2026 9:43:46 AM org.hibernate.engine.jdbc.connections.internal.DriverManagerConnectionProviderImpl buildCreator
INFO: HHH10001001: Connection properties: {password=****, user=postgres}
mar. 18, 2026 9:43:46 AM org.hibernate.engine.jdbc.connections.internal.DriverManagerConnectionProviderImpl buildCreator
INFO: HHH10001003: Autocommit mode: false
mar. 18, 2026 9:43:46 AM org.hibernate.engine.jdbc.connections.internal.DriverManagerConnectionProviderImpl$PooledConnections <init>
INFO: HHH000115: Hibernate connection pool size: 20 (min=1)
mar. 18, 2026 9:43:46 AM org.hibernate.dialect.Dialect <init>
INFO: HHH000400: Using dialect: org.hibernate.dialect.PostgreSQLDialect
mar. 18, 2026 9:43:46 AM org.hibernate.resource.transaction.backend.jdbc.internal.DdlTransactionIsolatorNonJtaImpl getIsolatedConnection
INFO: HHH10001501: Connection obtained from JdbcConnectionAccess [org.hibernate.engine.jdbc.env.internal.JdbcEnvironmentInitiator$ConnectionProviderJdbcConnectionAccess@2016896e] for (non-JTA) DDL execution was not in auto-commit mode; the Connection 'local transaction' will be committed and the Connection will be set into auto-commit mode.
mar. 18, 2026 9:43:46 AM org.hibernate.engine.transaction.jta.platform.internal.JtaPlatformInitiator initiateService
INFO: HHH000490: Using JtaPlatform implementation: [org.hibernate.engine.transaction.jta.platform.internal.NoJtaPlatform]
mar. 18, 2026 9:43:46 AM org.hibernate.engine.jdbc.connections.internal.DriverManagerConnectionProviderImpl$PoolState stop
INFO: HHH10001008: Cleaning up connection pool [jdbc:postgresql://localhost:5432/vendas_online]
mar. 18, 2026 9:43:46 AM org.hibernate.jpa.internal.util.LogHelper logPersistenceUnitInformation
INFO: HHH000204: Processing PersistenceUnitInfo [name: ExemploJPA]
mar. 18, 2026 9:43:46 AM org.hibernate.engine.jdbc.connections.internal.DriverManagerConnectionProviderImpl configure
WARN: HHH10001002: Using Hibernate built-in connection pool (not for production use!)
mar. 18, 2026 9:43:46 AM org.hibernate.engine.jdbc.connections.internal.DriverManagerConnectionProviderImpl buildCreator
INFO: HHH10001005: using driver [org.postgresql.Driver] at URL [jdbc:postgresql://localhost:5432/vendas_online]
mar. 18, 2026 9:43:46 AM org.hibernate.engine.jdbc.connections.internal.DriverManagerConnectionProviderImpl buildCreator
INFO: HHH10001001: Connection properties: {password=****, user=postgres}
mar. 18, 2026 9:43:46 AM org.hibernate.engine.jdbc.connections.internal.DriverManagerConnectionProviderImpl buildCreator
INFO: HHH10001003: Autocommit mode: false
mar. 18, 2026 9:43:46 AM org.hibernate.engine.jdbc.connections.internal.DriverManagerConnectionProviderImpl$PooledConnections <init>
INFO: HHH000115: Hibernate connection pool size: 20 (min=1)
mar. 18, 2026 9:43:46 AM org.hibernate.dialect.Dialect <init>
INFO: HHH000400: Using dialect: org.hibernate.dialect.PostgreSQLDialect
mar. 18, 2026 9:43:46 AM org.hibernate.resource.transaction.backend.jdbc.internal.DdlTransactionIsolatorNonJtaImpl getIsolatedConnection
INFO: HHH10001501: Connection obtained from JdbcConnectionAccess [org.hibernate.engine.jdbc.env.internal.JdbcEnvironmentInitiator$ConnectionProviderJdbcConnectionAccess@4fda9835] for (non-JTA) DDL execution was not in auto-commit mode; the Connection 'local transaction' will be committed and the Connection will be set into auto-commit mode.
mar. 18, 2026 9:43:46 AM org.hibernate.engine.transaction.jta.platform.internal.JtaPlatformInitiator initiateService
INFO: HHH000490: Using JtaPlatform implementation: [org.hibernate.engine.transaction.jta.platform.internal.NoJtaPlatform]
mar. 18, 2026 9:43:46 AM org.hibernate.engine.jdbc.connections.internal.DriverManagerConnectionProviderImpl$PoolState stop
INFO: HHH10001008: Cleaning up connection pool [jdbc:postgresql://localhost:5432/vendas_online]
mar. 18, 2026 9:43:46 AM org.hibernate.engine.jdbc.connections.internal.DriverManagerConnectionProviderImpl$PooledConnections close
ERROR: Connection leak detected: there are 1 unclosed connections upon shutting down pool jdbc:postgresql://localhost:5432/vendas_online
mar. 18, 2026 9:43:46 AM org.hibernate.engine.jdbc.connections.internal.DriverManagerConnectionProviderImpl validateConnectionsReturned
ERROR: Connection leak detected: there are 1 unclosed connections!
mar. 18, 2026 9:43:46 AM org.hibernate.jpa.internal.util.LogHelper logPersistenceUnitInformation
INFO: HHH000204: Processing PersistenceUnitInfo [name: ExemploJPA]
mar. 18, 2026 9:43:46 AM org.hibernate.engine.jdbc.connections.internal.DriverManagerConnectionProviderImpl configure
WARN: HHH10001002: Using Hibernate built-in connection pool (not for production use!)
mar. 18, 2026 9:43:46 AM org.hibernate.engine.jdbc.connections.internal.DriverManagerConnectionProviderImpl buildCreator
INFO: HHH10001005: using driver [org.postgresql.Driver] at URL [jdbc:postgresql://localhost:5432/vendas_online]
mar. 18, 2026 9:43:46 AM org.hibernate.engine.jdbc.connections.internal.DriverManagerConnectionProviderImpl buildCreator
INFO: HHH10001001: Connection properties: {password=****, user=postgres}
mar. 18, 2026 9:43:46 AM org.hibernate.engine.jdbc.connections.internal.DriverManagerConnectionProviderImpl buildCreator
INFO: HHH10001003: Autocommit mode: false
mar. 18, 2026 9:43:46 AM org.hibernate.engine.jdbc.connections.internal.DriverManagerConnectionProviderImpl$PooledConnections <init>
INFO: HHH000115: Hibernate connection pool size: 20 (min=1)
mar. 18, 2026 9:43:46 AM org.hibernate.dialect.Dialect <init>
INFO: HHH000400: Using dialect: org.hibernate.dialect.PostgreSQLDialect
mar. 18, 2026 9:43:46 AM org.hibernate.resource.transaction.backend.jdbc.internal.DdlTransactionIsolatorNonJtaImpl getIsolatedConnection
INFO: HHH10001501: Connection obtained from JdbcConnectionAccess [org.hibernate.engine.jdbc.env.internal.JdbcEnvironmentInitiator$ConnectionProviderJdbcConnectionAccess@466802f9] for (non-JTA) DDL execution was not in auto-commit mode; the Connection 'local transaction' will be committed and the Connection will be set into auto-commit mode.
mar. 18, 2026 9:43:46 AM org.hibernate.engine.transaction.jta.platform.internal.JtaPlatformInitiator initiateService
INFO: HHH000490: Using JtaPlatform implementation: [org.hibernate.engine.transaction.jta.platform.internal.NoJtaPlatform]
mar. 18, 2026 9:43:46 AM org.hibernate.engine.jdbc.connections.internal.DriverManagerConnectionProviderImpl$PoolState stop
INFO: HHH10001008: Cleaning up connection pool [jdbc:postgresql://localhost:5432/vendas_online]
mar. 18, 2026 9:43:46 AM org.hibernate.engine.jdbc.connections.internal.DriverManagerConnectionProviderImpl$PooledConnections close
ERROR: Connection leak detected: there are 1 unclosed connections upon shutting down pool jdbc:postgresql://localhost:5432/vendas_online
mar. 18, 2026 9:43:46 AM org.hibernate.engine.jdbc.connections.internal.DriverManagerConnectionProviderImpl validateConnectionsReturned
ERROR: Connection leak detected: there are 1 unclosed connections!
mar. 18, 2026 9:43:46 AM org.hibernate.jpa.internal.util.LogHelper logPersistenceUnitInformation
INFO: HHH000204: Processing PersistenceUnitInfo [name: ExemploJPA]
mar. 18, 2026 9:43:46 AM org.hibernate.engine.jdbc.connections.internal.DriverManagerConnectionProviderImpl configure
WARN: HHH10001002: Using Hibernate built-in connection pool (not for production use!)
mar. 18, 2026 9:43:46 AM org.hibernate.engine.jdbc.connections.internal.DriverManagerConnectionProviderImpl buildCreator
INFO: HHH10001005: using driver [org.postgresql.Driver] at URL [jdbc:postgresql://localhost:5432/vendas_online]
mar. 18, 2026 9:43:46 AM org.hibernate.engine.jdbc.connections.internal.DriverManagerConnectionProviderImpl buildCreator
INFO: HHH10001001: Connection properties: {password=****, user=postgres}
mar. 18, 2026 9:43:46 AM org.hibernate.engine.jdbc.connections.internal.DriverManagerConnectionProviderImpl buildCreator
INFO: HHH10001003: Autocommit mode: false
mar. 18, 2026 9:43:46 AM org.hibernate.engine.jdbc.connections.internal.DriverManagerConnectionProviderImpl$PooledConnections <init>
INFO: HHH000115: Hibernate connection pool size: 20 (min=1)
mar. 18, 2026 9:43:47 AM org.hibernate.dialect.Dialect <init>
INFO: HHH000400: Using dialect: org.hibernate.dialect.PostgreSQLDialect
mar. 18, 2026 9:43:47 AM org.hibernate.resource.transaction.backend.jdbc.internal.DdlTransactionIsolatorNonJtaImpl getIsolatedConnection
INFO: HHH10001501: Connection obtained from JdbcConnectionAccess [org.hibernate.engine.jdbc.env.internal.JdbcEnvironmentInitiator$ConnectionProviderJdbcConnectionAccess@3195d44a] for (non-JTA) DDL execution was not in auto-commit mode; the Connection 'local transaction' will be committed and the Connection will be set into auto-commit mode.
mar. 18, 2026 9:43:47 AM org.hibernate.engine.transaction.jta.platform.internal.JtaPlatformInitiator initiateService
INFO: HHH000490: Using JtaPlatform implementation: [org.hibernate.engine.transaction.jta.platform.internal.NoJtaPlatform]
mar. 18, 2026 9:43:47 AM org.hibernate.engine.jdbc.connections.internal.DriverManagerConnectionProviderImpl$PoolState stop
INFO: HHH10001008: Cleaning up connection pool [jdbc:postgresql://localhost:5432/vendas_online]
mar. 18, 2026 9:43:47 AM org.hibernate.jpa.internal.util.LogHelper logPersistenceUnitInformation
INFO: HHH000204: Processing PersistenceUnitInfo [name: ExemploJPA]
mar. 18, 2026 9:43:47 AM org.hibernate.engine.jdbc.connections.internal.DriverManagerConnectionProviderImpl configure
WARN: HHH10001002: Using Hibernate built-in connection pool (not for production use!)
mar. 18, 2026 9:43:47 AM org.hibernate.engine.jdbc.connections.internal.DriverManagerConnectionProviderImpl buildCreator
INFO: HHH10001005: using driver [org.postgresql.Driver] at URL [jdbc:postgresql://localhost:5432/vendas_online]
mar. 18, 2026 9:43:47 AM org.hibernate.engine.jdbc.connections.internal.DriverManagerConnectionProviderImpl buildCreator
INFO: HHH10001001: Connection properties: {password=****, user=postgres}
mar. 18, 2026 9:43:47 AM org.hibernate.engine.jdbc.connections.internal.DriverManagerConnectionProviderImpl buildCreator
INFO: HHH10001003: Autocommit mode: false
mar. 18, 2026 9:43:47 AM org.hibernate.engine.jdbc.connections.internal.DriverManagerConnectionProviderImpl$PooledConnections <init>
INFO: HHH000115: Hibernate connection pool size: 20 (min=1)
mar. 18, 2026 9:43:47 AM org.hibernate.dialect.Dialect <init>
INFO: HHH000400: Using dialect: org.hibernate.dialect.PostgreSQLDialect
mar. 18, 2026 9:43:47 AM org.hibernate.resource.transaction.backend.jdbc.internal.DdlTransactionIsolatorNonJtaImpl getIsolatedConnection
INFO: HHH10001501: Connection obtained from JdbcConnectionAccess [org.hibernate.engine.jdbc.env.internal.JdbcEnvironmentInitiator$ConnectionProviderJdbcConnectionAccess@3e0032f] for (non-JTA) DDL execution was not in auto-commit mode; the Connection 'local transaction' will be committed and the Connection will be set into auto-commit mode.
mar. 18, 2026 9:43:47 AM org.hibernate.engine.transaction.jta.platform.internal.JtaPlatformInitiator initiateService
INFO: HHH000490: Using JtaPlatform implementation: [org.hibernate.engine.transaction.jta.platform.internal.NoJtaPlatform]
mar. 18, 2026 9:43:47 AM org.hibernate.engine.jdbc.connections.internal.DriverManagerConnectionProviderImpl$PoolState stop
INFO: HHH10001008: Cleaning up connection pool [jdbc:postgresql://localhost:5432/vendas_online]
mar. 18, 2026 9:43:47 AM org.hibernate.engine.jdbc.connections.internal.DriverManagerConnectionProviderImpl$PooledConnections close
ERROR: Connection leak detected: there are 1 unclosed connections upon shutting down pool jdbc:postgresql://localhost:5432/vendas_online
mar. 18, 2026 9:43:47 AM org.hibernate.engine.jdbc.connections.internal.DriverManagerConnectionProviderImpl validateConnectionsReturned
ERROR: Connection leak detected: there are 1 unclosed connections!
mar. 18, 2026 9:43:47 AM org.hibernate.jpa.internal.util.LogHelper logPersistenceUnitInformation
INFO: HHH000204: Processing PersistenceUnitInfo [name: ExemploJPA]
mar. 18, 2026 9:43:47 AM org.hibernate.engine.jdbc.connections.internal.DriverManagerConnectionProviderImpl configure
WARN: HHH10001002: Using Hibernate built-in connection pool (not for production use!)
mar. 18, 2026 9:43:47 AM org.hibernate.engine.jdbc.connections.internal.DriverManagerConnectionProviderImpl buildCreator
INFO: HHH10001005: using driver [org.postgresql.Driver] at URL [jdbc:postgresql://localhost:5432/vendas_online]
mar. 18, 2026 9:43:47 AM org.hibernate.engine.jdbc.connections.internal.DriverManagerConnectionProviderImpl buildCreator
INFO: HHH10001001: Connection properties: {password=****, user=postgres}
mar. 18, 2026 9:43:47 AM org.hibernate.engine.jdbc.connections.internal.DriverManagerConnectionProviderImpl buildCreator
INFO: HHH10001003: Autocommit mode: false
mar. 18, 2026 9:43:47 AM org.hibernate.engine.jdbc.connections.internal.DriverManagerConnectionProviderImpl$PooledConnections <init>
INFO: HHH000115: Hibernate connection pool size: 20 (min=1)
mar. 18, 2026 9:43:47 AM org.hibernate.dialect.Dialect <init>
INFO: HHH000400: Using dialect: org.hibernate.dialect.PostgreSQLDialect
mar. 18, 2026 9:43:47 AM org.hibernate.resource.transaction.backend.jdbc.internal.DdlTransactionIsolatorNonJtaImpl getIsolatedConnection
INFO: HHH10001501: Connection obtained from JdbcConnectionAccess [org.hibernate.engine.jdbc.env.internal.JdbcEnvironmentInitiator$ConnectionProviderJdbcConnectionAccess@6b9a3441] for (non-JTA) DDL execution was not in auto-commit mode; the Connection 'local transaction' will be committed and the Connection will be set into auto-commit mode.
mar. 18, 2026 9:43:47 AM org.hibernate.engine.transaction.jta.platform.internal.JtaPlatformInitiator initiateService
INFO: HHH000490: Using JtaPlatform implementation: [org.hibernate.engine.transaction.jta.platform.internal.NoJtaPlatform]
mar. 18, 2026 9:43:47 AM org.hibernate.engine.jdbc.connections.internal.DriverManagerConnectionProviderImpl$PoolState stop
INFO: HHH10001008: Cleaning up connection pool [jdbc:postgresql://localhost:5432/vendas_online]
mar. 18, 2026 9:43:47 AM org.hibernate.jpa.internal.util.LogHelper logPersistenceUnitInformation
INFO: HHH000204: Processing PersistenceUnitInfo [name: ExemploJPA]
mar. 18, 2026 9:43:47 AM org.hibernate.engine.jdbc.connections.internal.DriverManagerConnectionProviderImpl configure
WARN: HHH10001002: Using Hibernate built-in connection pool (not for production use!)
mar. 18, 2026 9:43:47 AM org.hibernate.engine.jdbc.connections.internal.DriverManagerConnectionProviderImpl buildCreator
INFO: HHH10001005: using driver [org.postgresql.Driver] at URL [jdbc:postgresql://localhost:5432/vendas_online]
mar. 18, 2026 9:43:47 AM org.hibernate.engine.jdbc.connections.internal.DriverManagerConnectionProviderImpl buildCreator
INFO: HHH10001001: Connection properties: {password=****, user=postgres}
mar. 18, 2026 9:43:47 AM org.hibernate.engine.jdbc.connections.internal.DriverManagerConnectionProviderImpl buildCreator
INFO: HHH10001003: Autocommit mode: false
mar. 18, 2026 9:43:47 AM org.hibernate.engine.jdbc.connections.internal.DriverManagerConnectionProviderImpl$PooledConnections <init>
INFO: HHH000115: Hibernate connection pool size: 20 (min=1)
mar. 18, 2026 9:43:47 AM org.hibernate.dialect.Dialect <init>
INFO: HHH000400: Using dialect: org.hibernate.dialect.PostgreSQLDialect
mar. 18, 2026 9:43:47 AM org.hibernate.resource.transaction.backend.jdbc.internal.DdlTransactionIsolatorNonJtaImpl getIsolatedConnection
INFO: HHH10001501: Connection obtained from JdbcConnectionAccess [org.hibernate.engine.jdbc.env.internal.JdbcEnvironmentInitiator$ConnectionProviderJdbcConnectionAccess@5d1f9d8b] for (non-JTA) DDL execution was not in auto-commit mode; the Connection 'local transaction' will be committed and the Connection will be set into auto-commit mode.
mar. 18, 2026 9:43:47 AM org.hibernate.engine.transaction.jta.platform.internal.JtaPlatformInitiator initiateService
INFO: HHH000490: Using JtaPlatform implementation: [org.hibernate.engine.transaction.jta.platform.internal.NoJtaPlatform]
mar. 18, 2026 9:43:47 AM org.hibernate.engine.jdbc.connections.internal.DriverManagerConnectionProviderImpl$PoolState stop
INFO: HHH10001008: Cleaning up connection pool [jdbc:postgresql://localhost:5432/vendas_online]
]]></system-err>
  </testcase>
  <testcase name="salvarVendaMesmoCodigoExistente" classname="br.com.aylan.jpa.VendaJpaDAOTest" time="1.391">
    <system-out><![CDATA[Hibernate: 
    select
        nextval ('sq_cliente')
Hibernate: 
    insert 
    into
        TB_CLIENTE
        (CIDADE, CPF, ENDERECO, ESTADO, NOME, NUMERO, TEL, id) 
    values
        (?, ?, ?, ?, ?, ?, ?, ?)
Hibernate: 
    select
        nextval ('sq_produto')
Hibernate: 
    insert 
    into
        TB_PRODUTO
        (codigo, DESCRICAO, NOME, valor, id) 
    values
        (?, ?, ?, ?, ?)
Hibernate: 
    select
        produtojpa0_.id as id1_1_0_,
        produtojpa0_.codigo as codigo2_1_0_,
        produtojpa0_.DESCRICAO as descrica3_1_0_,
        produtojpa0_.NOME as nome4_1_0_,
        produtojpa0_.valor as valor5_1_0_ 
    from
        TB_PRODUTO produtojpa0_ 
    where
        produtojpa0_.id=?
Hibernate: 
    select
        clientejpa0_.id as id1_0_0_,
        clientejpa0_.CIDADE as cidade2_0_0_,
        clientejpa0_.CPF as cpf3_0_0_,
        clientejpa0_.ENDERECO as endereco4_0_0_,
        clientejpa0_.ESTADO as estado5_0_0_,
        clientejpa0_.NOME as nome6_0_0_,
        clientejpa0_.NUMERO as numero7_0_0_,
        clientejpa0_.TEL as tel8_0_0_ 
    from
        TB_CLIENTE clientejpa0_ 
    where
        clientejpa0_.id=?
Hibernate: 
    select
        nextval ('sq_venda')
Hibernate: 
    select
        nextval ('sq_prod_qtd')
Hibernate: 
    insert 
    into
        TB_VENDA
        (id_cliente_fk, CODIGO, DATA_VENDA, STATUS_VENDA, VALOR_TOTAL, id) 
    values
        (?, ?, ?, ?, ?, ?)
Hibernate: 
    insert 
    into
        TB_PRODUTO_QUANTIDADE
        (produto_id, quantidade, valor_total, id_venda_fk, id) 
    values
        (?, ?, ?, ?, ?)
Hibernate: 
    select
        produtojpa0_.id as id1_1_0_,
        produtojpa0_.codigo as codigo2_1_0_,
        produtojpa0_.DESCRICAO as descrica3_1_0_,
        produtojpa0_.NOME as nome4_1_0_,
        produtojpa0_.valor as valor5_1_0_ 
    from
        TB_PRODUTO produtojpa0_ 
    where
        produtojpa0_.id=?
Hibernate: 
    select
        clientejpa0_.id as id1_0_0_,
        clientejpa0_.CIDADE as cidade2_0_0_,
        clientejpa0_.CPF as cpf3_0_0_,
        clientejpa0_.ENDERECO as endereco4_0_0_,
        clientejpa0_.ESTADO as estado5_0_0_,
        clientejpa0_.NOME as nome6_0_0_,
        clientejpa0_.NUMERO as numero7_0_0_,
        clientejpa0_.TEL as tel8_0_0_ 
    from
        TB_CLIENTE clientejpa0_ 
    where
        clientejpa0_.id=?
Hibernate: 
    select
        nextval ('sq_venda')
Hibernate: 
    select
        nextval ('sq_prod_qtd')
Hibernate: 
    insert 
    into
        TB_VENDA
        (id_cliente_fk, CODIGO, DATA_VENDA, STATUS_VENDA, VALOR_TOTAL, id) 
    values
        (?, ?, ?, ?, ?, ?)
Hibernate: 
    select
        vendajpa0_.id as id1_3_,
        vendajpa0_.id_cliente_fk as id_clien6_3_,
        vendajpa0_.CODIGO as codigo2_3_,
        vendajpa0_.DATA_VENDA as data_ven3_3_,
        vendajpa0_.STATUS_VENDA as status_v4_3_,
        vendajpa0_.VALOR_TOTAL as valor_to5_3_ 
    from
        TB_VENDA vendajpa0_
Hibernate: 
    select
        clientejpa0_.id as id1_0_0_,
        clientejpa0_.CIDADE as cidade2_0_0_,
        clientejpa0_.CPF as cpf3_0_0_,
        clientejpa0_.ENDERECO as endereco4_0_0_,
        clientejpa0_.ESTADO as estado5_0_0_,
        clientejpa0_.NOME as nome6_0_0_,
        clientejpa0_.NUMERO as numero7_0_0_,
        clientejpa0_.TEL as tel8_0_0_ 
    from
        TB_CLIENTE clientejpa0_ 
    where
        clientejpa0_.id=?
Hibernate: 
    select
        vendajpa0_.id as id1_3_2_,
        vendajpa0_.id_cliente_fk as id_clien6_3_2_,
        vendajpa0_.CODIGO as codigo2_3_2_,
        vendajpa0_.DATA_VENDA as data_ven3_3_2_,
        vendajpa0_.STATUS_VENDA as status_v4_3_2_,
        vendajpa0_.VALOR_TOTAL as valor_to5_3_2_,
        produtos1_.id_venda_fk as id_venda5_2_4_,
        produtos1_.id as id1_2_4_,
        produtos1_.id as id1_2_0_,
        produtos1_.produto_id as produto_4_2_0_,
        produtos1_.quantidade as quantida2_2_0_,
        produtos1_.valor_total as valor_to3_2_0_,
        produtos1_.id_venda_fk as id_venda5_2_0_,
        produtojpa2_.id as id1_1_1_,
        produtojpa2_.codigo as codigo2_1_1_,
        produtojpa2_.DESCRICAO as descrica3_1_1_,
        produtojpa2_.NOME as nome4_1_1_,
        produtojpa2_.valor as valor5_1_1_ 
    from
        TB_VENDA vendajpa0_ 
    left outer join
        TB_PRODUTO_QUANTIDADE produtos1_ 
            on vendajpa0_.id=produtos1_.id_venda_fk 
    left outer join
        TB_PRODUTO produtojpa2_ 
            on produtos1_.produto_id=produtojpa2_.id 
    where
        vendajpa0_.id=?
Hibernate: 
    select
        clientejpa0_.id as id1_0_0_,
        clientejpa0_.CIDADE as cidade2_0_0_,
        clientejpa0_.CPF as cpf3_0_0_,
        clientejpa0_.ENDERECO as endereco4_0_0_,
        clientejpa0_.ESTADO as estado5_0_0_,
        clientejpa0_.NOME as nome6_0_0_,
        clientejpa0_.NUMERO as numero7_0_0_,
        clientejpa0_.TEL as tel8_0_0_ 
    from
        TB_CLIENTE clientejpa0_ 
    where
        clientejpa0_.id=?
Hibernate: 
    delete 
    from
        TB_PRODUTO_QUANTIDADE 
    where
        id=?
Hibernate: 
    delete 
    from
        TB_PRODUTO 
    where
        id=?
Hibernate: 
    delete 
    from
        TB_VENDA 
    where
        id=?
Hibernate: 
    select
        produtojpa0_.id as id1_1_,
        produtojpa0_.codigo as codigo2_1_,
        produtojpa0_.DESCRICAO as descrica3_1_,
        produtojpa0_.NOME as nome4_1_,
        produtojpa0_.valor as valor5_1_ 
    from
        TB_PRODUTO produtojpa0_
Hibernate: 
    select
        clientejpa0_.id as id1_0_0_,
        clientejpa0_.CIDADE as cidade2_0_0_,
        clientejpa0_.CPF as cpf3_0_0_,
        clientejpa0_.ENDERECO as endereco4_0_0_,
        clientejpa0_.ESTADO as estado5_0_0_,
        clientejpa0_.NOME as nome6_0_0_,
        clientejpa0_.NUMERO as numero7_0_0_,
        clientejpa0_.TEL as tel8_0_0_ 
    from
        TB_CLIENTE clientejpa0_ 
    where
        clientejpa0_.id=?
Hibernate: 
    delete 
    from
        TB_CLIENTE 
    where
        id=?
]]></system-out>
    <system-err><![CDATA[mar. 18, 2026 9:43:47 AM org.hibernate.jpa.internal.util.LogHelper logPersistenceUnitInformation
INFO: HHH000204: Processing PersistenceUnitInfo [name: ExemploJPA]
mar. 18, 2026 9:43:47 AM org.hibernate.engine.jdbc.connections.internal.DriverManagerConnectionProviderImpl configure
WARN: HHH10001002: Using Hibernate built-in connection pool (not for production use!)
mar. 18, 2026 9:43:47 AM org.hibernate.engine.jdbc.connections.internal.DriverManagerConnectionProviderImpl buildCreator
INFO: HHH10001005: using driver [org.postgresql.Driver] at URL [jdbc:postgresql://localhost:5432/vendas_online]
mar. 18, 2026 9:43:47 AM org.hibernate.engine.jdbc.connections.internal.DriverManagerConnectionProviderImpl buildCreator
INFO: HHH10001001: Connection properties: {password=****, user=postgres}
mar. 18, 2026 9:43:47 AM org.hibernate.engine.jdbc.connections.internal.DriverManagerConnectionProviderImpl buildCreator
INFO: HHH10001003: Autocommit mode: false
mar. 18, 2026 9:43:47 AM org.hibernate.engine.jdbc.connections.internal.DriverManagerConnectionProviderImpl$PooledConnections <init>
INFO: HHH000115: Hibernate connection pool size: 20 (min=1)
mar. 18, 2026 9:43:47 AM org.hibernate.dialect.Dialect <init>
INFO: HHH000400: Using dialect: org.hibernate.dialect.PostgreSQLDialect
mar. 18, 2026 9:43:47 AM org.hibernate.resource.transaction.backend.jdbc.internal.DdlTransactionIsolatorNonJtaImpl getIsolatedConnection
INFO: HHH10001501: Connection obtained from JdbcConnectionAccess [org.hibernate.engine.jdbc.env.internal.JdbcEnvironmentInitiator$ConnectionProviderJdbcConnectionAccess@1c57062c] for (non-JTA) DDL execution was not in auto-commit mode; the Connection 'local transaction' will be committed and the Connection will be set into auto-commit mode.
mar. 18, 2026 9:43:47 AM org.hibernate.engine.transaction.jta.platform.internal.JtaPlatformInitiator initiateService
INFO: HHH000490: Using JtaPlatform implementation: [org.hibernate.engine.transaction.jta.platform.internal.NoJtaPlatform]
mar. 18, 2026 9:43:47 AM org.hibernate.engine.jdbc.connections.internal.DriverManagerConnectionProviderImpl$PoolState stop
INFO: HHH10001008: Cleaning up connection pool [jdbc:postgresql://localhost:5432/vendas_online]
mar. 18, 2026 9:43:47 AM org.hibernate.jpa.internal.util.LogHelper logPersistenceUnitInformation
INFO: HHH000204: Processing PersistenceUnitInfo [name: ExemploJPA]
mar. 18, 2026 9:43:47 AM org.hibernate.engine.jdbc.connections.internal.DriverManagerConnectionProviderImpl configure
WARN: HHH10001002: Using Hibernate built-in connection pool (not for production use!)
mar. 18, 2026 9:43:47 AM org.hibernate.engine.jdbc.connections.internal.DriverManagerConnectionProviderImpl buildCreator
INFO: HHH10001005: using driver [org.postgresql.Driver] at URL [jdbc:postgresql://localhost:5432/vendas_online]
mar. 18, 2026 9:43:47 AM org.hibernate.engine.jdbc.connections.internal.DriverManagerConnectionProviderImpl buildCreator
INFO: HHH10001001: Connection properties: {password=****, user=postgres}
mar. 18, 2026 9:43:47 AM org.hibernate.engine.jdbc.connections.internal.DriverManagerConnectionProviderImpl buildCreator
INFO: HHH10001003: Autocommit mode: false
mar. 18, 2026 9:43:47 AM org.hibernate.engine.jdbc.connections.internal.DriverManagerConnectionProviderImpl$PooledConnections <init>
INFO: HHH000115: Hibernate connection pool size: 20 (min=1)
mar. 18, 2026 9:43:47 AM org.hibernate.dialect.Dialect <init>
INFO: HHH000400: Using dialect: org.hibernate.dialect.PostgreSQLDialect
mar. 18, 2026 9:43:47 AM org.hibernate.resource.transaction.backend.jdbc.internal.DdlTransactionIsolatorNonJtaImpl getIsolatedConnection
INFO: HHH10001501: Connection obtained from JdbcConnectionAccess [org.hibernate.engine.jdbc.env.internal.JdbcEnvironmentInitiator$ConnectionProviderJdbcConnectionAccess@6b2b46cf] for (non-JTA) DDL execution was not in auto-commit mode; the Connection 'local transaction' will be committed and the Connection will be set into auto-commit mode.
mar. 18, 2026 9:43:47 AM org.hibernate.engine.transaction.jta.platform.internal.JtaPlatformInitiator initiateService
INFO: HHH000490: Using JtaPlatform implementation: [org.hibernate.engine.transaction.jta.platform.internal.NoJtaPlatform]
mar. 18, 2026 9:43:47 AM org.hibernate.engine.jdbc.connections.internal.DriverManagerConnectionProviderImpl$PoolState stop
INFO: HHH10001008: Cleaning up connection pool [jdbc:postgresql://localhost:5432/vendas_online]
mar. 18, 2026 9:43:47 AM org.hibernate.jpa.internal.util.LogHelper logPersistenceUnitInformation
INFO: HHH000204: Processing PersistenceUnitInfo [name: ExemploJPA]
mar. 18, 2026 9:43:47 AM org.hibernate.engine.jdbc.connections.internal.DriverManagerConnectionProviderImpl configure
WARN: HHH10001002: Using Hibernate built-in connection pool (not for production use!)
mar. 18, 2026 9:43:47 AM org.hibernate.engine.jdbc.connections.internal.DriverManagerConnectionProviderImpl buildCreator
INFO: HHH10001005: using driver [org.postgresql.Driver] at URL [jdbc:postgresql://localhost:5432/vendas_online]
mar. 18, 2026 9:43:47 AM org.hibernate.engine.jdbc.connections.internal.DriverManagerConnectionProviderImpl buildCreator
INFO: HHH10001001: Connection properties: {password=****, user=postgres}
mar. 18, 2026 9:43:47 AM org.hibernate.engine.jdbc.connections.internal.DriverManagerConnectionProviderImpl buildCreator
INFO: HHH10001003: Autocommit mode: false
mar. 18, 2026 9:43:47 AM org.hibernate.engine.jdbc.connections.internal.DriverManagerConnectionProviderImpl$PooledConnections <init>
INFO: HHH000115: Hibernate connection pool size: 20 (min=1)
mar. 18, 2026 9:43:47 AM org.hibernate.dialect.Dialect <init>
INFO: HHH000400: Using dialect: org.hibernate.dialect.PostgreSQLDialect
mar. 18, 2026 9:43:47 AM org.hibernate.resource.transaction.backend.jdbc.internal.DdlTransactionIsolatorNonJtaImpl getIsolatedConnection
INFO: HHH10001501: Connection obtained from JdbcConnectionAccess [org.hibernate.engine.jdbc.env.internal.JdbcEnvironmentInitiator$ConnectionProviderJdbcConnectionAccess@30c6e2e] for (non-JTA) DDL execution was not in auto-commit mode; the Connection 'local transaction' will be committed and the Connection will be set into auto-commit mode.
mar. 18, 2026 9:43:47 AM org.hibernate.engine.transaction.jta.platform.internal.JtaPlatformInitiator initiateService
INFO: HHH000490: Using JtaPlatform implementation: [org.hibernate.engine.transaction.jta.platform.internal.NoJtaPlatform]
mar. 18, 2026 9:43:47 AM org.hibernate.engine.jdbc.connections.internal.DriverManagerConnectionProviderImpl$PoolState stop
INFO: HHH10001008: Cleaning up connection pool [jdbc:postgresql://localhost:5432/vendas_online]
mar. 18, 2026 9:43:47 AM org.hibernate.jpa.internal.util.LogHelper logPersistenceUnitInformation
INFO: HHH000204: Processing PersistenceUnitInfo [name: ExemploJPA]
mar. 18, 2026 9:43:47 AM org.hibernate.engine.jdbc.connections.internal.DriverManagerConnectionProviderImpl configure
WARN: HHH10001002: Using Hibernate built-in connection pool (not for production use!)
mar. 18, 2026 9:43:47 AM org.hibernate.engine.jdbc.connections.internal.DriverManagerConnectionProviderImpl buildCreator
INFO: HHH10001005: using driver [org.postgresql.Driver] at URL [jdbc:postgresql://localhost:5432/vendas_online]
mar. 18, 2026 9:43:47 AM org.hibernate.engine.jdbc.connections.internal.DriverManagerConnectionProviderImpl buildCreator
INFO: HHH10001001: Connection properties: {password=****, user=postgres}
mar. 18, 2026 9:43:47 AM org.hibernate.engine.jdbc.connections.internal.DriverManagerConnectionProviderImpl buildCreator
INFO: HHH10001003: Autocommit mode: false
mar. 18, 2026 9:43:47 AM org.hibernate.engine.jdbc.connections.internal.DriverManagerConnectionProviderImpl$PooledConnections <init>
INFO: HHH000115: Hibernate connection pool size: 20 (min=1)
mar. 18, 2026 9:43:47 AM org.hibernate.dialect.Dialect <init>
INFO: HHH000400: Using dialect: org.hibernate.dialect.PostgreSQLDialect
mar. 18, 2026 9:43:47 AM org.hibernate.resource.transaction.backend.jdbc.internal.DdlTransactionIsolatorNonJtaImpl getIsolatedConnection
INFO: HHH10001501: Connection obtained from JdbcConnectionAccess [org.hibernate.engine.jdbc.env.internal.JdbcEnvironmentInitiator$ConnectionProviderJdbcConnectionAccess@42a6b1ef] for (non-JTA) DDL execution was not in auto-commit mode; the Connection 'local transaction' will be committed and the Connection will be set into auto-commit mode.
mar. 18, 2026 9:43:48 AM org.hibernate.engine.transaction.jta.platform.internal.JtaPlatformInitiator initiateService
INFO: HHH000490: Using JtaPlatform implementation: [org.hibernate.engine.transaction.jta.platform.internal.NoJtaPlatform]
mar. 18, 2026 9:43:48 AM org.hibernate.engine.jdbc.spi.SqlExceptionHelper logExceptions
WARN: SQL Error: 0, SQLState: 23505
mar. 18, 2026 9:43:48 AM org.hibernate.engine.jdbc.spi.SqlExceptionHelper logExceptions
ERROR: ERROR: duplicate key value violates unique constraint "uk_j1tuoidttxxkjh9hp25au7pqh"
  Detalhe: Key (codigo)=(A6) already exists.
mar. 18, 2026 9:43:48 AM org.hibernate.engine.jdbc.batch.internal.AbstractBatchImpl release
INFO: HHH000010: On release of batch it still contained JDBC statements
mar. 18, 2026 9:43:48 AM org.hibernate.jpa.internal.util.LogHelper logPersistenceUnitInformation
INFO: HHH000204: Processing PersistenceUnitInfo [name: ExemploJPA]
mar. 18, 2026 9:43:48 AM org.hibernate.engine.jdbc.connections.internal.DriverManagerConnectionProviderImpl configure
WARN: HHH10001002: Using Hibernate built-in connection pool (not for production use!)
mar. 18, 2026 9:43:48 AM org.hibernate.engine.jdbc.connections.internal.DriverManagerConnectionProviderImpl buildCreator
INFO: HHH10001005: using driver [org.postgresql.Driver] at URL [jdbc:postgresql://localhost:5432/vendas_online]
mar. 18, 2026 9:43:48 AM org.hibernate.engine.jdbc.connections.internal.DriverManagerConnectionProviderImpl buildCreator
INFO: HHH10001001: Connection properties: {password=****, user=postgres}
mar. 18, 2026 9:43:48 AM org.hibernate.engine.jdbc.connections.internal.DriverManagerConnectionProviderImpl buildCreator
INFO: HHH10001003: Autocommit mode: false
mar. 18, 2026 9:43:48 AM org.hibernate.engine.jdbc.connections.internal.DriverManagerConnectionProviderImpl$PooledConnections <init>
INFO: HHH000115: Hibernate connection pool size: 20 (min=1)
mar. 18, 2026 9:43:48 AM org.hibernate.dialect.Dialect <init>
INFO: HHH000400: Using dialect: org.hibernate.dialect.PostgreSQLDialect
mar. 18, 2026 9:43:48 AM org.hibernate.resource.transaction.backend.jdbc.internal.DdlTransactionIsolatorNonJtaImpl getIsolatedConnection
INFO: HHH10001501: Connection obtained from JdbcConnectionAccess [org.hibernate.engine.jdbc.env.internal.JdbcEnvironmentInitiator$ConnectionProviderJdbcConnectionAccess@4560e40b] for (non-JTA) DDL execution was not in auto-commit mode; the Connection 'local transaction' will be committed and the Connection will be set into auto-commit mode.
mar. 18, 2026 9:43:48 AM org.hibernate.engine.transaction.jta.platform.internal.JtaPlatformInitiator initiateService
INFO: HHH000490: Using JtaPlatform implementation: [org.hibernate.engine.transaction.jta.platform.internal.NoJtaPlatform]
mar. 18, 2026 9:43:48 AM org.hibernate.engine.jdbc.connections.internal.DriverManagerConnectionProviderImpl$PoolState stop
INFO: HHH10001008: Cleaning up connection pool [jdbc:postgresql://localhost:5432/vendas_online]
mar. 18, 2026 9:43:48 AM org.hibernate.engine.jdbc.connections.internal.DriverManagerConnectionProviderImpl$PooledConnections close
ERROR: Connection leak detected: there are 1 unclosed connections upon shutting down pool jdbc:postgresql://localhost:5432/vendas_online
mar. 18, 2026 9:43:48 AM org.hibernate.engine.jdbc.connections.internal.DriverManagerConnectionProviderImpl validateConnectionsReturned
ERROR: Connection leak detected: there are 1 unclosed connections!
mar. 18, 2026 9:43:48 AM org.hibernate.jpa.internal.util.LogHelper logPersistenceUnitInformation
INFO: HHH000204: Processing PersistenceUnitInfo [name: ExemploJPA]
mar. 18, 2026 9:43:48 AM org.hibernate.engine.jdbc.connections.internal.DriverManagerConnectionProviderImpl configure
WARN: HHH10001002: Using Hibernate built-in connection pool (not for production use!)
mar. 18, 2026 9:43:48 AM org.hibernate.engine.jdbc.connections.internal.DriverManagerConnectionProviderImpl buildCreator
INFO: HHH10001005: using driver [org.postgresql.Driver] at URL [jdbc:postgresql://localhost:5432/vendas_online]
mar. 18, 2026 9:43:48 AM org.hibernate.engine.jdbc.connections.internal.DriverManagerConnectionProviderImpl buildCreator
INFO: HHH10001001: Connection properties: {password=****, user=postgres}
mar. 18, 2026 9:43:48 AM org.hibernate.engine.jdbc.connections.internal.DriverManagerConnectionProviderImpl buildCreator
INFO: HHH10001003: Autocommit mode: false
mar. 18, 2026 9:43:48 AM org.hibernate.engine.jdbc.connections.internal.DriverManagerConnectionProviderImpl$PooledConnections <init>
INFO: HHH000115: Hibernate connection pool size: 20 (min=1)
mar. 18, 2026 9:43:48 AM org.hibernate.dialect.Dialect <init>
INFO: HHH000400: Using dialect: org.hibernate.dialect.PostgreSQLDialect
mar. 18, 2026 9:43:48 AM org.hibernate.resource.transaction.backend.jdbc.internal.DdlTransactionIsolatorNonJtaImpl getIsolatedConnection
INFO: HHH10001501: Connection obtained from JdbcConnectionAccess [org.hibernate.engine.jdbc.env.internal.JdbcEnvironmentInitiator$ConnectionProviderJdbcConnectionAccess@71e83d60] for (non-JTA) DDL execution was not in auto-commit mode; the Connection 'local transaction' will be committed and the Connection will be set into auto-commit mode.
mar. 18, 2026 9:43:48 AM org.hibernate.engine.transaction.jta.platform.internal.JtaPlatformInitiator initiateService
INFO: HHH000490: Using JtaPlatform implementation: [org.hibernate.engine.transaction.jta.platform.internal.NoJtaPlatform]
mar. 18, 2026 9:43:48 AM org.hibernate.engine.jdbc.connections.internal.DriverManagerConnectionProviderImpl$PoolState stop
INFO: HHH10001008: Cleaning up connection pool [jdbc:postgresql://localhost:5432/vendas_online]
mar. 18, 2026 9:43:48 AM org.hibernate.jpa.internal.util.LogHelper logPersistenceUnitInformation
INFO: HHH000204: Processing PersistenceUnitInfo [name: ExemploJPA]
mar. 18, 2026 9:43:48 AM org.hibernate.engine.jdbc.connections.internal.DriverManagerConnectionProviderImpl configure
WARN: HHH10001002: Using Hibernate built-in connection pool (not for production use!)
mar. 18, 2026 9:43:48 AM org.hibernate.engine.jdbc.connections.internal.DriverManagerConnectionProviderImpl buildCreator
INFO: HHH10001005: using driver [org.postgresql.Driver] at URL [jdbc:postgresql://localhost:5432/vendas_online]
mar. 18, 2026 9:43:48 AM org.hibernate.engine.jdbc.connections.internal.DriverManagerConnectionProviderImpl buildCreator
INFO: HHH10001001: Connection properties: {password=****, user=postgres}
mar. 18, 2026 9:43:48 AM org.hibernate.engine.jdbc.connections.internal.DriverManagerConnectionProviderImpl buildCreator
INFO: HHH10001003: Autocommit mode: false
mar. 18, 2026 9:43:48 AM org.hibernate.engine.jdbc.connections.internal.DriverManagerConnectionProviderImpl$PooledConnections <init>
INFO: HHH000115: Hibernate connection pool size: 20 (min=1)
mar. 18, 2026 9:43:48 AM org.hibernate.dialect.Dialect <init>
INFO: HHH000400: Using dialect: org.hibernate.dialect.PostgreSQLDialect
mar. 18, 2026 9:43:48 AM org.hibernate.resource.transaction.backend.jdbc.internal.DdlTransactionIsolatorNonJtaImpl getIsolatedConnection
INFO: HHH10001501: Connection obtained from JdbcConnectionAccess [org.hibernate.engine.jdbc.env.internal.JdbcEnvironmentInitiator$ConnectionProviderJdbcConnectionAccess@1d763ab2] for (non-JTA) DDL execution was not in auto-commit mode; the Connection 'local transaction' will be committed and the Connection will be set into auto-commit mode.
mar. 18, 2026 9:43:48 AM org.hibernate.engine.transaction.jta.platform.internal.JtaPlatformInitiator initiateService
INFO: HHH000490: Using JtaPlatform implementation: [org.hibernate.engine.transaction.jta.platform.internal.NoJtaPlatform]
mar. 18, 2026 9:43:48 AM org.hibernate.engine.jdbc.connections.internal.DriverManagerConnectionProviderImpl$PoolState stop
INFO: HHH10001008: Cleaning up connection pool [jdbc:postgresql://localhost:5432/vendas_online]
mar. 18, 2026 9:43:48 AM org.hibernate.engine.jdbc.connections.internal.DriverManagerConnectionProviderImpl$PooledConnections close
ERROR: Connection leak detected: there are 1 unclosed connections upon shutting down pool jdbc:postgresql://localhost:5432/vendas_online
mar. 18, 2026 9:43:48 AM org.hibernate.engine.jdbc.connections.internal.DriverManagerConnectionProviderImpl validateConnectionsReturned
ERROR: Connection leak detected: there are 1 unclosed connections!
mar. 18, 2026 9:43:48 AM org.hibernate.jpa.internal.util.LogHelper logPersistenceUnitInformation
INFO: HHH000204: Processing PersistenceUnitInfo [name: ExemploJPA]
mar. 18, 2026 9:43:48 AM org.hibernate.engine.jdbc.connections.internal.DriverManagerConnectionProviderImpl configure
WARN: HHH10001002: Using Hibernate built-in connection pool (not for production use!)
mar. 18, 2026 9:43:48 AM org.hibernate.engine.jdbc.connections.internal.DriverManagerConnectionProviderImpl buildCreator
INFO: HHH10001005: using driver [org.postgresql.Driver] at URL [jdbc:postgresql://localhost:5432/vendas_online]
mar. 18, 2026 9:43:48 AM org.hibernate.engine.jdbc.connections.internal.DriverManagerConnectionProviderImpl buildCreator
INFO: HHH10001001: Connection properties: {password=****, user=postgres}
mar. 18, 2026 9:43:48 AM org.hibernate.engine.jdbc.connections.internal.DriverManagerConnectionProviderImpl buildCreator
INFO: HHH10001003: Autocommit mode: false
mar. 18, 2026 9:43:48 AM org.hibernate.engine.jdbc.connections.internal.DriverManagerConnectionProviderImpl$PooledConnections <init>
INFO: HHH000115: Hibernate connection pool size: 20 (min=1)
mar. 18, 2026 9:43:48 AM org.hibernate.dialect.Dialect <init>
INFO: HHH000400: Using dialect: org.hibernate.dialect.PostgreSQLDialect
mar. 18, 2026 9:43:48 AM org.hibernate.resource.transaction.backend.jdbc.internal.DdlTransactionIsolatorNonJtaImpl getIsolatedConnection
INFO: HHH10001501: Connection obtained from JdbcConnectionAccess [org.hibernate.engine.jdbc.env.internal.JdbcEnvironmentInitiator$ConnectionProviderJdbcConnectionAccess@7e0b3d79] for (non-JTA) DDL execution was not in auto-commit mode; the Connection 'local transaction' will be committed and the Connection will be set into auto-commit mode.
mar. 18, 2026 9:43:48 AM org.hibernate.engine.transaction.jta.platform.internal.JtaPlatformInitiator initiateService
INFO: HHH000490: Using JtaPlatform implementation: [org.hibernate.engine.transaction.jta.platform.internal.NoJtaPlatform]
mar. 18, 2026 9:43:48 AM org.hibernate.engine.jdbc.connections.internal.DriverManagerConnectionProviderImpl$PoolState stop
INFO: HHH10001008: Cleaning up connection pool [jdbc:postgresql://localhost:5432/vendas_online]
]]></system-err>
  </testcase>
  <testcase name="finalizarVenda" classname="br.com.aylan.jpa.VendaJpaDAOTest" time="1.265">
    <system-out><![CDATA[Hibernate: 
    select
        nextval ('sq_cliente')
Hibernate: 
    insert 
    into
        TB_CLIENTE
        (CIDADE, CPF, ENDERECO, ESTADO, NOME, NUMERO, TEL, id) 
    values
        (?, ?, ?, ?, ?, ?, ?, ?)
Hibernate: 
    select
        nextval ('sq_produto')
Hibernate: 
    insert 
    into
        TB_PRODUTO
        (codigo, DESCRICAO, NOME, valor, id) 
    values
        (?, ?, ?, ?, ?)
Hibernate: 
    select
        produtojpa0_.id as id1_1_0_,
        produtojpa0_.codigo as codigo2_1_0_,
        produtojpa0_.DESCRICAO as descrica3_1_0_,
        produtojpa0_.NOME as nome4_1_0_,
        produtojpa0_.valor as valor5_1_0_ 
    from
        TB_PRODUTO produtojpa0_ 
    where
        produtojpa0_.id=?
Hibernate: 
    select
        clientejpa0_.id as id1_0_0_,
        clientejpa0_.CIDADE as cidade2_0_0_,
        clientejpa0_.CPF as cpf3_0_0_,
        clientejpa0_.ENDERECO as endereco4_0_0_,
        clientejpa0_.ESTADO as estado5_0_0_,
        clientejpa0_.NOME as nome6_0_0_,
        clientejpa0_.NUMERO as numero7_0_0_,
        clientejpa0_.TEL as tel8_0_0_ 
    from
        TB_CLIENTE clientejpa0_ 
    where
        clientejpa0_.id=?
Hibernate: 
    select
        nextval ('sq_venda')
Hibernate: 
    select
        nextval ('sq_prod_qtd')
Hibernate: 
    insert 
    into
        TB_VENDA
        (id_cliente_fk, CODIGO, DATA_VENDA, STATUS_VENDA, VALOR_TOTAL, id) 
    values
        (?, ?, ?, ?, ?, ?)
Hibernate: 
    insert 
    into
        TB_PRODUTO_QUANTIDADE
        (produto_id, quantidade, valor_total, id_venda_fk, id) 
    values
        (?, ?, ?, ?, ?)
Hibernate: 
    select
        vendajpa0_.id as id1_3_2_,
        vendajpa0_.id_cliente_fk as id_clien6_3_2_,
        vendajpa0_.CODIGO as codigo2_3_2_,
        vendajpa0_.DATA_VENDA as data_ven3_3_2_,
        vendajpa0_.STATUS_VENDA as status_v4_3_2_,
        vendajpa0_.VALOR_TOTAL as valor_to5_3_2_,
        produtos1_.id_venda_fk as id_venda5_2_4_,
        produtos1_.id as id1_2_4_,
        produtos1_.id as id1_2_0_,
        produtos1_.produto_id as produto_4_2_0_,
        produtos1_.quantidade as quantida2_2_0_,
        produtos1_.valor_total as valor_to3_2_0_,
        produtos1_.id_venda_fk as id_venda5_2_0_,
        produtojpa2_.id as id1_1_1_,
        produtojpa2_.codigo as codigo2_1_1_,
        produtojpa2_.DESCRICAO as descrica3_1_1_,
        produtojpa2_.NOME as nome4_1_1_,
        produtojpa2_.valor as valor5_1_1_ 
    from
        TB_VENDA vendajpa0_ 
    left outer join
        TB_PRODUTO_QUANTIDADE produtos1_ 
            on vendajpa0_.id=produtos1_.id_venda_fk 
    left outer join
        TB_PRODUTO produtojpa2_ 
            on produtos1_.produto_id=produtojpa2_.id 
    where
        vendajpa0_.id=?
Hibernate: 
    select
        clientejpa0_.id as id1_0_0_,
        clientejpa0_.CIDADE as cidade2_0_0_,
        clientejpa0_.CPF as cpf3_0_0_,
        clientejpa0_.ENDERECO as endereco4_0_0_,
        clientejpa0_.ESTADO as estado5_0_0_,
        clientejpa0_.NOME as nome6_0_0_,
        clientejpa0_.NUMERO as numero7_0_0_,
        clientejpa0_.TEL as tel8_0_0_ 
    from
        TB_CLIENTE clientejpa0_ 
    where
        clientejpa0_.id=?
Hibernate: 
    update
        TB_VENDA 
    set
        id_cliente_fk=?,
        CODIGO=?,
        DATA_VENDA=?,
        STATUS_VENDA=?,
        VALOR_TOTAL=? 
    where
        id=?
Hibernate: 
    select
        vendajpa0_.id as id1_3_0_,
        clientejpa1_.id as id1_0_1_,
        produtos2_.id as id1_2_2_,
        vendajpa0_.id_cliente_fk as id_clien6_3_0_,
        vendajpa0_.CODIGO as codigo2_3_0_,
        vendajpa0_.DATA_VENDA as data_ven3_3_0_,
        vendajpa0_.STATUS_VENDA as status_v4_3_0_,
        vendajpa0_.VALOR_TOTAL as valor_to5_3_0_,
        clientejpa1_.CIDADE as cidade2_0_1_,
        clientejpa1_.CPF as cpf3_0_1_,
        clientejpa1_.ENDERECO as endereco4_0_1_,
        clientejpa1_.ESTADO as estado5_0_1_,
        clientejpa1_.NOME as nome6_0_1_,
        clientejpa1_.NUMERO as numero7_0_1_,
        clientejpa1_.TEL as tel8_0_1_,
        produtos2_.produto_id as produto_4_2_2_,
        produtos2_.quantidade as quantida2_2_2_,
        produtos2_.valor_total as valor_to3_2_2_,
        produtos2_.id_venda_fk as id_venda5_2_2_,
        produtos2_.id_venda_fk as id_venda5_2_0__,
        produtos2_.id as id1_2_0__ 
    from
        TB_VENDA vendajpa0_ 
    inner join
        TB_CLIENTE clientejpa1_ 
            on vendajpa0_.id_cliente_fk=clientejpa1_.id 
    inner join
        TB_PRODUTO_QUANTIDADE produtos2_ 
            on vendajpa0_.id=produtos2_.id_venda_fk 
    where
        vendajpa0_.id=16
Hibernate: 
    select
        produtojpa0_.id as id1_1_0_,
        produtojpa0_.codigo as codigo2_1_0_,
        produtojpa0_.DESCRICAO as descrica3_1_0_,
        produtojpa0_.NOME as nome4_1_0_,
        produtojpa0_.valor as valor5_1_0_ 
    from
        TB_PRODUTO produtojpa0_ 
    where
        produtojpa0_.id=?
Hibernate: 
    select
        vendajpa0_.id as id1_3_,
        vendajpa0_.id_cliente_fk as id_clien6_3_,
        vendajpa0_.CODIGO as codigo2_3_,
        vendajpa0_.DATA_VENDA as data_ven3_3_,
        vendajpa0_.STATUS_VENDA as status_v4_3_,
        vendajpa0_.VALOR_TOTAL as valor_to5_3_ 
    from
        TB_VENDA vendajpa0_
Hibernate: 
    select
        clientejpa0_.id as id1_0_0_,
        clientejpa0_.CIDADE as cidade2_0_0_,
        clientejpa0_.CPF as cpf3_0_0_,
        clientejpa0_.ENDERECO as endereco4_0_0_,
        clientejpa0_.ESTADO as estado5_0_0_,
        clientejpa0_.NOME as nome6_0_0_,
        clientejpa0_.NUMERO as numero7_0_0_,
        clientejpa0_.TEL as tel8_0_0_ 
    from
        TB_CLIENTE clientejpa0_ 
    where
        clientejpa0_.id=?
Hibernate: 
    select
        vendajpa0_.id as id1_3_2_,
        vendajpa0_.id_cliente_fk as id_clien6_3_2_,
        vendajpa0_.CODIGO as codigo2_3_2_,
        vendajpa0_.DATA_VENDA as data_ven3_3_2_,
        vendajpa0_.STATUS_VENDA as status_v4_3_2_,
        vendajpa0_.VALOR_TOTAL as valor_to5_3_2_,
        produtos1_.id_venda_fk as id_venda5_2_4_,
        produtos1_.id as id1_2_4_,
        produtos1_.id as id1_2_0_,
        produtos1_.produto_id as produto_4_2_0_,
        produtos1_.quantidade as quantida2_2_0_,
        produtos1_.valor_total as valor_to3_2_0_,
        produtos1_.id_venda_fk as id_venda5_2_0_,
        produtojpa2_.id as id1_1_1_,
        produtojpa2_.codigo as codigo2_1_1_,
        produtojpa2_.DESCRICAO as descrica3_1_1_,
        produtojpa2_.NOME as nome4_1_1_,
        produtojpa2_.valor as valor5_1_1_ 
    from
        TB_VENDA vendajpa0_ 
    left outer join
        TB_PRODUTO_QUANTIDADE produtos1_ 
            on vendajpa0_.id=produtos1_.id_venda_fk 
    left outer join
        TB_PRODUTO produtojpa2_ 
            on produtos1_.produto_id=produtojpa2_.id 
    where
        vendajpa0_.id=?
Hibernate: 
    select
        clientejpa0_.id as id1_0_0_,
        clientejpa0_.CIDADE as cidade2_0_0_,
        clientejpa0_.CPF as cpf3_0_0_,
        clientejpa0_.ENDERECO as endereco4_0_0_,
        clientejpa0_.ESTADO as estado5_0_0_,
        clientejpa0_.NOME as nome6_0_0_,
        clientejpa0_.NUMERO as numero7_0_0_,
        clientejpa0_.TEL as tel8_0_0_ 
    from
        TB_CLIENTE clientejpa0_ 
    where
        clientejpa0_.id=?
Hibernate: 
    delete 
    from
        TB_PRODUTO_QUANTIDADE 
    where
        id=?
Hibernate: 
    delete 
    from
        TB_PRODUTO 
    where
        id=?
Hibernate: 
    delete 
    from
        TB_VENDA 
    where
        id=?
Hibernate: 
    select
        produtojpa0_.id as id1_1_,
        produtojpa0_.codigo as codigo2_1_,
        produtojpa0_.DESCRICAO as descrica3_1_,
        produtojpa0_.NOME as nome4_1_,
        produtojpa0_.valor as valor5_1_ 
    from
        TB_PRODUTO produtojpa0_
Hibernate: 
    select
        clientejpa0_.id as id1_0_0_,
        clientejpa0_.CIDADE as cidade2_0_0_,
        clientejpa0_.CPF as cpf3_0_0_,
        clientejpa0_.ENDERECO as endereco4_0_0_,
        clientejpa0_.ESTADO as estado5_0_0_,
        clientejpa0_.NOME as nome6_0_0_,
        clientejpa0_.NUMERO as numero7_0_0_,
        clientejpa0_.TEL as tel8_0_0_ 
    from
        TB_CLIENTE clientejpa0_ 
    where
        clientejpa0_.id=?
Hibernate: 
    delete 
    from
        TB_CLIENTE 
    where
        id=?
]]></system-out>
    <system-err><![CDATA[mar. 18, 2026 9:43:48 AM org.hibernate.jpa.internal.util.LogHelper logPersistenceUnitInformation
INFO: HHH000204: Processing PersistenceUnitInfo [name: ExemploJPA]
mar. 18, 2026 9:43:48 AM org.hibernate.engine.jdbc.connections.internal.DriverManagerConnectionProviderImpl configure
WARN: HHH10001002: Using Hibernate built-in connection pool (not for production use!)
mar. 18, 2026 9:43:48 AM org.hibernate.engine.jdbc.connections.internal.DriverManagerConnectionProviderImpl buildCreator
INFO: HHH10001005: using driver [org.postgresql.Driver] at URL [jdbc:postgresql://localhost:5432/vendas_online]
mar. 18, 2026 9:43:48 AM org.hibernate.engine.jdbc.connections.internal.DriverManagerConnectionProviderImpl buildCreator
INFO: HHH10001001: Connection properties: {password=****, user=postgres}
mar. 18, 2026 9:43:48 AM org.hibernate.engine.jdbc.connections.internal.DriverManagerConnectionProviderImpl buildCreator
INFO: HHH10001003: Autocommit mode: false
mar. 18, 2026 9:43:48 AM org.hibernate.engine.jdbc.connections.internal.DriverManagerConnectionProviderImpl$PooledConnections <init>
INFO: HHH000115: Hibernate connection pool size: 20 (min=1)
mar. 18, 2026 9:43:48 AM org.hibernate.dialect.Dialect <init>
INFO: HHH000400: Using dialect: org.hibernate.dialect.PostgreSQLDialect
mar. 18, 2026 9:43:48 AM org.hibernate.resource.transaction.backend.jdbc.internal.DdlTransactionIsolatorNonJtaImpl getIsolatedConnection
INFO: HHH10001501: Connection obtained from JdbcConnectionAccess [org.hibernate.engine.jdbc.env.internal.JdbcEnvironmentInitiator$ConnectionProviderJdbcConnectionAccess@23d8de33] for (non-JTA) DDL execution was not in auto-commit mode; the Connection 'local transaction' will be committed and the Connection will be set into auto-commit mode.
mar. 18, 2026 9:43:48 AM org.hibernate.engine.transaction.jta.platform.internal.JtaPlatformInitiator initiateService
INFO: HHH000490: Using JtaPlatform implementation: [org.hibernate.engine.transaction.jta.platform.internal.NoJtaPlatform]
mar. 18, 2026 9:43:49 AM org.hibernate.engine.jdbc.connections.internal.DriverManagerConnectionProviderImpl$PoolState stop
INFO: HHH10001008: Cleaning up connection pool [jdbc:postgresql://localhost:5432/vendas_online]
mar. 18, 2026 9:43:49 AM org.hibernate.jpa.internal.util.LogHelper logPersistenceUnitInformation
INFO: HHH000204: Processing PersistenceUnitInfo [name: ExemploJPA]
mar. 18, 2026 9:43:49 AM org.hibernate.engine.jdbc.connections.internal.DriverManagerConnectionProviderImpl configure
WARN: HHH10001002: Using Hibernate built-in connection pool (not for production use!)
mar. 18, 2026 9:43:49 AM org.hibernate.engine.jdbc.connections.internal.DriverManagerConnectionProviderImpl buildCreator
INFO: HHH10001005: using driver [org.postgresql.Driver] at URL [jdbc:postgresql://localhost:5432/vendas_online]
mar. 18, 2026 9:43:49 AM org.hibernate.engine.jdbc.connections.internal.DriverManagerConnectionProviderImpl buildCreator
INFO: HHH10001001: Connection properties: {password=****, user=postgres}
mar. 18, 2026 9:43:49 AM org.hibernate.engine.jdbc.connections.internal.DriverManagerConnectionProviderImpl buildCreator
INFO: HHH10001003: Autocommit mode: false
mar. 18, 2026 9:43:49 AM org.hibernate.engine.jdbc.connections.internal.DriverManagerConnectionProviderImpl$PooledConnections <init>
INFO: HHH000115: Hibernate connection pool size: 20 (min=1)
mar. 18, 2026 9:43:49 AM org.hibernate.dialect.Dialect <init>
INFO: HHH000400: Using dialect: org.hibernate.dialect.PostgreSQLDialect
mar. 18, 2026 9:43:49 AM org.hibernate.resource.transaction.backend.jdbc.internal.DdlTransactionIsolatorNonJtaImpl getIsolatedConnection
INFO: HHH10001501: Connection obtained from JdbcConnectionAccess [org.hibernate.engine.jdbc.env.internal.JdbcEnvironmentInitiator$ConnectionProviderJdbcConnectionAccess@1c6c059e] for (non-JTA) DDL execution was not in auto-commit mode; the Connection 'local transaction' will be committed and the Connection will be set into auto-commit mode.
mar. 18, 2026 9:43:49 AM org.hibernate.engine.transaction.jta.platform.internal.JtaPlatformInitiator initiateService
INFO: HHH000490: Using JtaPlatform implementation: [org.hibernate.engine.transaction.jta.platform.internal.NoJtaPlatform]
mar. 18, 2026 9:43:49 AM org.hibernate.engine.jdbc.connections.internal.DriverManagerConnectionProviderImpl$PoolState stop
INFO: HHH10001008: Cleaning up connection pool [jdbc:postgresql://localhost:5432/vendas_online]
mar. 18, 2026 9:43:49 AM org.hibernate.jpa.internal.util.LogHelper logPersistenceUnitInformation
INFO: HHH000204: Processing PersistenceUnitInfo [name: ExemploJPA]
mar. 18, 2026 9:43:49 AM org.hibernate.engine.jdbc.connections.internal.DriverManagerConnectionProviderImpl configure
WARN: HHH10001002: Using Hibernate built-in connection pool (not for production use!)
mar. 18, 2026 9:43:49 AM org.hibernate.engine.jdbc.connections.internal.DriverManagerConnectionProviderImpl buildCreator
INFO: HHH10001005: using driver [org.postgresql.Driver] at URL [jdbc:postgresql://localhost:5432/vendas_online]
mar. 18, 2026 9:43:49 AM org.hibernate.engine.jdbc.connections.internal.DriverManagerConnectionProviderImpl buildCreator
INFO: HHH10001001: Connection properties: {password=****, user=postgres}
mar. 18, 2026 9:43:49 AM org.hibernate.engine.jdbc.connections.internal.DriverManagerConnectionProviderImpl buildCreator
INFO: HHH10001003: Autocommit mode: false
mar. 18, 2026 9:43:49 AM org.hibernate.engine.jdbc.connections.internal.DriverManagerConnectionProviderImpl$PooledConnections <init>
INFO: HHH000115: Hibernate connection pool size: 20 (min=1)
mar. 18, 2026 9:43:49 AM org.hibernate.dialect.Dialect <init>
INFO: HHH000400: Using dialect: org.hibernate.dialect.PostgreSQLDialect
mar. 18, 2026 9:43:49 AM org.hibernate.resource.transaction.backend.jdbc.internal.DdlTransactionIsolatorNonJtaImpl getIsolatedConnection
INFO: HHH10001501: Connection obtained from JdbcConnectionAccess [org.hibernate.engine.jdbc.env.internal.JdbcEnvironmentInitiator$ConnectionProviderJdbcConnectionAccess@77fd4659] for (non-JTA) DDL execution was not in auto-commit mode; the Connection 'local transaction' will be committed and the Connection will be set into auto-commit mode.
mar. 18, 2026 9:43:49 AM org.hibernate.engine.transaction.jta.platform.internal.JtaPlatformInitiator initiateService
INFO: HHH000490: Using JtaPlatform implementation: [org.hibernate.engine.transaction.jta.platform.internal.NoJtaPlatform]
mar. 18, 2026 9:43:49 AM org.hibernate.engine.jdbc.connections.internal.DriverManagerConnectionProviderImpl$PoolState stop
INFO: HHH10001008: Cleaning up connection pool [jdbc:postgresql://localhost:5432/vendas_online]
mar. 18, 2026 9:43:49 AM org.hibernate.jpa.internal.util.LogHelper logPersistenceUnitInformation
INFO: HHH000204: Processing PersistenceUnitInfo [name: ExemploJPA]
mar. 18, 2026 9:43:49 AM org.hibernate.engine.jdbc.connections.internal.DriverManagerConnectionProviderImpl configure
WARN: HHH10001002: Using Hibernate built-in connection pool (not for production use!)
mar. 18, 2026 9:43:49 AM org.hibernate.engine.jdbc.connections.internal.DriverManagerConnectionProviderImpl buildCreator
INFO: HHH10001005: using driver [org.postgresql.Driver] at URL [jdbc:postgresql://localhost:5432/vendas_online]
mar. 18, 2026 9:43:49 AM org.hibernate.engine.jdbc.connections.internal.DriverManagerConnectionProviderImpl buildCreator
INFO: HHH10001001: Connection properties: {password=****, user=postgres}
mar. 18, 2026 9:43:49 AM org.hibernate.engine.jdbc.connections.internal.DriverManagerConnectionProviderImpl buildCreator
INFO: HHH10001003: Autocommit mode: false
mar. 18, 2026 9:43:49 AM org.hibernate.engine.jdbc.connections.internal.DriverManagerConnectionProviderImpl$PooledConnections <init>
INFO: HHH000115: Hibernate connection pool size: 20 (min=1)
mar. 18, 2026 9:43:49 AM org.hibernate.dialect.Dialect <init>
INFO: HHH000400: Using dialect: org.hibernate.dialect.PostgreSQLDialect
mar. 18, 2026 9:43:49 AM org.hibernate.resource.transaction.backend.jdbc.internal.DdlTransactionIsolatorNonJtaImpl getIsolatedConnection
INFO: HHH10001501: Connection obtained from JdbcConnectionAccess [org.hibernate.engine.jdbc.env.internal.JdbcEnvironmentInitiator$ConnectionProviderJdbcConnectionAccess@5ec47e1c] for (non-JTA) DDL execution was not in auto-commit mode; the Connection 'local transaction' will be committed and the Connection will be set into auto-commit mode.
mar. 18, 2026 9:43:49 AM org.hibernate.engine.transaction.jta.platform.internal.JtaPlatformInitiator initiateService
INFO: HHH000490: Using JtaPlatform implementation: [org.hibernate.engine.transaction.jta.platform.internal.NoJtaPlatform]
mar. 18, 2026 9:43:49 AM org.hibernate.engine.jdbc.connections.internal.DriverManagerConnectionProviderImpl$PoolState stop
INFO: HHH10001008: Cleaning up connection pool [jdbc:postgresql://localhost:5432/vendas_online]
mar. 18, 2026 9:43:49 AM org.hibernate.jpa.internal.util.LogHelper logPersistenceUnitInformation
INFO: HHH000204: Processing PersistenceUnitInfo [name: ExemploJPA]
mar. 18, 2026 9:43:49 AM org.hibernate.engine.jdbc.connections.internal.DriverManagerConnectionProviderImpl configure
WARN: HHH10001002: Using Hibernate built-in connection pool (not for production use!)
mar. 18, 2026 9:43:49 AM org.hibernate.engine.jdbc.connections.internal.DriverManagerConnectionProviderImpl buildCreator
INFO: HHH10001005: using driver [org.postgresql.Driver] at URL [jdbc:postgresql://localhost:5432/vendas_online]
mar. 18, 2026 9:43:49 AM org.hibernate.engine.jdbc.connections.internal.DriverManagerConnectionProviderImpl buildCreator
INFO: HHH10001001: Connection properties: {password=****, user=postgres}
mar. 18, 2026 9:43:49 AM org.hibernate.engine.jdbc.connections.internal.DriverManagerConnectionProviderImpl buildCreator
INFO: HHH10001003: Autocommit mode: false
mar. 18, 2026 9:43:49 AM org.hibernate.engine.jdbc.connections.internal.DriverManagerConnectionProviderImpl$PooledConnections <init>
INFO: HHH000115: Hibernate connection pool size: 20 (min=1)
mar. 18, 2026 9:43:49 AM org.hibernate.dialect.Dialect <init>
INFO: HHH000400: Using dialect: org.hibernate.dialect.PostgreSQLDialect
mar. 18, 2026 9:43:49 AM org.hibernate.resource.transaction.backend.jdbc.internal.DdlTransactionIsolatorNonJtaImpl getIsolatedConnection
INFO: HHH10001501: Connection obtained from JdbcConnectionAccess [org.hibernate.engine.jdbc.env.internal.JdbcEnvironmentInitiator$ConnectionProviderJdbcConnectionAccess@4bbd3f6c] for (non-JTA) DDL execution was not in auto-commit mode; the Connection 'local transaction' will be committed and the Connection will be set into auto-commit mode.
mar. 18, 2026 9:43:49 AM org.hibernate.engine.transaction.jta.platform.internal.JtaPlatformInitiator initiateService
INFO: HHH000490: Using JtaPlatform implementation: [org.hibernate.engine.transaction.jta.platform.internal.NoJtaPlatform]
mar. 18, 2026 9:43:49 AM org.hibernate.engine.jdbc.connections.internal.DriverManagerConnectionProviderImpl$PoolState stop
INFO: HHH10001008: Cleaning up connection pool [jdbc:postgresql://localhost:5432/vendas_online]
mar. 18, 2026 9:43:49 AM org.hibernate.engine.jdbc.connections.internal.DriverManagerConnectionProviderImpl$PooledConnections close
ERROR: Connection leak detected: there are 1 unclosed connections upon shutting down pool jdbc:postgresql://localhost:5432/vendas_online
mar. 18, 2026 9:43:49 AM org.hibernate.engine.jdbc.connections.internal.DriverManagerConnectionProviderImpl validateConnectionsReturned
ERROR: Connection leak detected: there are 1 unclosed connections!
mar. 18, 2026 9:43:49 AM org.hibernate.jpa.internal.util.LogHelper logPersistenceUnitInformation
INFO: HHH000204: Processing PersistenceUnitInfo [name: ExemploJPA]
mar. 18, 2026 9:43:49 AM org.hibernate.engine.jdbc.connections.internal.DriverManagerConnectionProviderImpl configure
WARN: HHH10001002: Using Hibernate built-in connection pool (not for production use!)
mar. 18, 2026 9:43:49 AM org.hibernate.engine.jdbc.connections.internal.DriverManagerConnectionProviderImpl buildCreator
INFO: HHH10001005: using driver [org.postgresql.Driver] at URL [jdbc:postgresql://localhost:5432/vendas_online]
mar. 18, 2026 9:43:49 AM org.hibernate.engine.jdbc.connections.internal.DriverManagerConnectionProviderImpl buildCreator
INFO: HHH10001001: Connection properties: {password=****, user=postgres}
mar. 18, 2026 9:43:49 AM org.hibernate.engine.jdbc.connections.internal.DriverManagerConnectionProviderImpl buildCreator
INFO: HHH10001003: Autocommit mode: false
mar. 18, 2026 9:43:49 AM org.hibernate.engine.jdbc.connections.internal.DriverManagerConnectionProviderImpl$PooledConnections <init>
INFO: HHH000115: Hibernate connection pool size: 20 (min=1)
mar. 18, 2026 9:43:49 AM org.hibernate.dialect.Dialect <init>
INFO: HHH000400: Using dialect: org.hibernate.dialect.PostgreSQLDialect
mar. 18, 2026 9:43:49 AM org.hibernate.resource.transaction.backend.jdbc.internal.DdlTransactionIsolatorNonJtaImpl getIsolatedConnection
INFO: HHH10001501: Connection obtained from JdbcConnectionAccess [org.hibernate.engine.jdbc.env.internal.JdbcEnvironmentInitiator$ConnectionProviderJdbcConnectionAccess@1c7b499] for (non-JTA) DDL execution was not in auto-commit mode; the Connection 'local transaction' will be committed and the Connection will be set into auto-commit mode.
mar. 18, 2026 9:43:49 AM org.hibernate.engine.transaction.jta.platform.internal.JtaPlatformInitiator initiateService
INFO: HHH000490: Using JtaPlatform implementation: [org.hibernate.engine.transaction.jta.platform.internal.NoJtaPlatform]
mar. 18, 2026 9:43:49 AM org.hibernate.engine.jdbc.connections.internal.DriverManagerConnectionProviderImpl$PoolState stop
INFO: HHH10001008: Cleaning up connection pool [jdbc:postgresql://localhost:5432/vendas_online]
mar. 18, 2026 9:43:49 AM org.hibernate.engine.jdbc.connections.internal.DriverManagerConnectionProviderImpl$PooledConnections close
ERROR: Connection leak detected: there are 1 unclosed connections upon shutting down pool jdbc:postgresql://localhost:5432/vendas_online
mar. 18, 2026 9:43:49 AM org.hibernate.engine.jdbc.connections.internal.DriverManagerConnectionProviderImpl validateConnectionsReturned
ERROR: Connection leak detected: there are 1 unclosed connections!
mar. 18, 2026 9:43:49 AM org.hibernate.jpa.internal.util.LogHelper logPersistenceUnitInformation
INFO: HHH000204: Processing PersistenceUnitInfo [name: ExemploJPA]
mar. 18, 2026 9:43:49 AM org.hibernate.engine.jdbc.connections.internal.DriverManagerConnectionProviderImpl configure
WARN: HHH10001002: Using Hibernate built-in connection pool (not for production use!)
mar. 18, 2026 9:43:49 AM org.hibernate.engine.jdbc.connections.internal.DriverManagerConnectionProviderImpl buildCreator
INFO: HHH10001005: using driver [org.postgresql.Driver] at URL [jdbc:postgresql://localhost:5432/vendas_online]
mar. 18, 2026 9:43:49 AM org.hibernate.engine.jdbc.connections.internal.DriverManagerConnectionProviderImpl buildCreator
[...]
        clientejpa0_.NUMERO as numero7_0_0_,
        clientejpa0_.TEL as tel8_0_0_ 
    from
        TB_CLIENTE clientejpa0_ 
    where
        clientejpa0_.id=?
Hibernate: 
    delete 
    from
        TB_PRODUTO_QUANTIDADE 
    where
        id=?
Hibernate: 
    delete 
    from
        TB_PRODUTO 
    where
        id=?
Hibernate: 
    delete 
    from
        TB_VENDA 
    where
        id=?
Hibernate: 
    select
        produtojpa0_.id as id1_1_,
        produtojpa0_.codigo as codigo2_1_,
        produtojpa0_.DESCRICAO as descrica3_1_,
        produtojpa0_.NOME as nome4_1_,
        produtojpa0_.valor as valor5_1_ 
    from
        TB_PRODUTO produtojpa0_
Hibernate: 
    select
        clientejpa0_.id as id1_0_0_,
        clientejpa0_.CIDADE as cidade2_0_0_,
        clientejpa0_.CPF as cpf3_0_0_,
        clientejpa0_.ENDERECO as endereco4_0_0_,
        clientejpa0_.ESTADO as estado5_0_0_,
        clientejpa0_.NOME as nome6_0_0_,
        clientejpa0_.NUMERO as numero7_0_0_,
        clientejpa0_.TEL as tel8_0_0_ 
    from
        TB_CLIENTE clientejpa0_ 
    where
        clientejpa0_.id=?
Hibernate: 
    delete 
    from
        TB_CLIENTE 
    where
        id=?
]]></system-out>
    <system-err><![CDATA[mar. 18, 2026 9:43:59 AM org.hibernate.jpa.internal.util.LogHelper logPersistenceUnitInformation
INFO: HHH000204: Processing PersistenceUnitInfo [name: ExemploJPA]
mar. 18, 2026 9:43:59 AM org.hibernate.engine.jdbc.connections.internal.DriverManagerConnectionProviderImpl configure
WARN: HHH10001002: Using Hibernate built-in connection pool (not for production use!)
mar. 18, 2026 9:43:59 AM org.hibernate.engine.jdbc.connections.internal.DriverManagerConnectionProviderImpl buildCreator
INFO: HHH10001005: using driver [org.postgresql.Driver] at URL [jdbc:postgresql://localhost:5432/vendas_online]
mar. 18, 2026 9:43:59 AM org.hibernate.engine.jdbc.connections.internal.DriverManagerConnectionProviderImpl buildCreator
INFO: HHH10001001: Connection properties: {password=****, user=postgres}
mar. 18, 2026 9:43:59 AM org.hibernate.engine.jdbc.connections.internal.DriverManagerConnectionProviderImpl buildCreator
INFO: HHH10001003: Autocommit mode: false
mar. 18, 2026 9:43:59 AM org.hibernate.engine.jdbc.connections.internal.DriverManagerConnectionProviderImpl$PooledConnections <init>
INFO: HHH000115: Hibernate connection pool size: 20 (min=1)
mar. 18, 2026 9:43:59 AM org.hibernate.dialect.Dialect <init>
INFO: HHH000400: Using dialect: org.hibernate.dialect.PostgreSQLDialect
mar. 18, 2026 9:43:59 AM org.hibernate.resource.transaction.backend.jdbc.internal.DdlTransactionIsolatorNonJtaImpl getIsolatedConnection
INFO: HHH10001501: Connection obtained from JdbcConnectionAccess [org.hibernate.engine.jdbc.env.internal.JdbcEnvironmentInitiator$ConnectionProviderJdbcConnectionAccess@ec0906e] for (non-JTA) DDL execution was not in auto-commit mode; the Connection 'local transaction' will be committed and the Connection will be set into auto-commit mode.
mar. 18, 2026 9:43:59 AM org.hibernate.engine.transaction.jta.platform.internal.JtaPlatformInitiator initiateService
INFO: HHH000490: Using JtaPlatform implementation: [org.hibernate.engine.transaction.jta.platform.internal.NoJtaPlatform]
mar. 18, 2026 9:43:59 AM org.hibernate.engine.jdbc.connections.internal.DriverManagerConnectionProviderImpl$PoolState stop
INFO: HHH10001008: Cleaning up connection pool [jdbc:postgresql://localhost:5432/vendas_online]
mar. 18, 2026 9:43:59 AM org.hibernate.jpa.internal.util.LogHelper logPersistenceUnitInformation
INFO: HHH000204: Processing PersistenceUnitInfo [name: ExemploJPA]
mar. 18, 2026 9:43:59 AM org.hibernate.engine.jdbc.connections.internal.DriverManagerConnectionProviderImpl configure
WARN: HHH10001002: Using Hibernate built-in connection pool (not for production use!)
mar. 18, 2026 9:43:59 AM org.hibernate.engine.jdbc.connections.internal.DriverManagerConnectionProviderImpl buildCreator
INFO: HHH10001005: using driver [org.postgresql.Driver] at URL [jdbc:postgresql://localhost:5432/vendas_online]
mar. 18, 2026 9:43:59 AM org.hibernate.engine.jdbc.connections.internal.DriverManagerConnectionProviderImpl buildCreator
INFO: HHH10001001: Connection properties: {password=****, user=postgres}
mar. 18, 2026 9:43:59 AM org.hibernate.engine.jdbc.connections.internal.DriverManagerConnectionProviderImpl buildCreator
INFO: HHH10001003: Autocommit mode: false
mar. 18, 2026 9:43:59 AM org.hibernate.engine.jdbc.connections.internal.DriverManagerConnectionProviderImpl$PooledConnections <init>
INFO: HHH000115: Hibernate connection pool size: 20 (min=1)
mar. 18, 2026 9:43:59 AM org.hibernate.dialect.Dialect <init>
INFO: HHH000400: Using dialect: org.hibernate.dialect.PostgreSQLDialect
mar. 18, 2026 9:43:59 AM org.hibernate.resource.transaction.backend.jdbc.internal.DdlTransactionIsolatorNonJtaImpl getIsolatedConnection
INFO: HHH10001501: Connection obtained from JdbcConnectionAccess [org.hibernate.engine.jdbc.env.internal.JdbcEnvironmentInitiator$ConnectionProviderJdbcConnectionAccess@4f9039b3] for (non-JTA) DDL execution was not in auto-commit mode; the Connection 'local transaction' will be committed and the Connection will be set into auto-commit mode.
mar. 18, 2026 9:43:59 AM org.hibernate.engine.transaction.jta.platform.internal.JtaPlatformInitiator initiateService
INFO: HHH000490: Using JtaPlatform implementation: [org.hibernate.engine.transaction.jta.platform.internal.NoJtaPlatform]
mar. 18, 2026 9:43:59 AM org.hibernate.engine.jdbc.connections.internal.DriverManagerConnectionProviderImpl$PoolState stop
INFO: HHH10001008: Cleaning up connection pool [jdbc:postgresql://localhost:5432/vendas_online]
mar. 18, 2026 9:43:59 AM org.hibernate.jpa.internal.util.LogHelper logPersistenceUnitInformation
INFO: HHH000204: Processing PersistenceUnitInfo [name: ExemploJPA]
mar. 18, 2026 9:43:59 AM org.hibernate.engine.jdbc.connections.internal.DriverManagerConnectionProviderImpl configure
WARN: HHH10001002: Using Hibernate built-in connection pool (not for production use!)
mar. 18, 2026 9:43:59 AM org.hibernate.engine.jdbc.connections.internal.DriverManagerConnectionProviderImpl buildCreator
INFO: HHH10001005: using driver [org.postgresql.Driver] at URL [jdbc:postgresql://localhost:5432/vendas_online]
mar. 18, 2026 9:43:59 AM org.hibernate.engine.jdbc.connections.internal.DriverManagerConnectionProviderImpl buildCreator
INFO: HHH10001001: Connection properties: {password=****, user=postgres}
mar. 18, 2026 9:43:59 AM org.hibernate.engine.jdbc.connections.internal.DriverManagerConnectionProviderImpl buildCreator
INFO: HHH10001003: Autocommit mode: false
mar. 18, 2026 9:43:59 AM org.hibernate.engine.jdbc.connections.internal.DriverManagerConnectionProviderImpl$PooledConnections <init>
INFO: HHH000115: Hibernate connection pool size: 20 (min=1)
mar. 18, 2026 9:43:59 AM org.hibernate.dialect.Dialect <init>
INFO: HHH000400: Using dialect: org.hibernate.dialect.PostgreSQLDialect
mar. 18, 2026 9:43:59 AM org.hibernate.resource.transaction.backend.jdbc.internal.DdlTransactionIsolatorNonJtaImpl getIsolatedConnection
INFO: HHH10001501: Connection obtained from JdbcConnectionAccess [org.hibernate.engine.jdbc.env.internal.JdbcEnvironmentInitiator$ConnectionProviderJdbcConnectionAccess@1b937f4c] for (non-JTA) DDL execution was not in auto-commit mode; the Connection 'local transaction' will be committed and the Connection will be set into auto-commit mode.
mar. 18, 2026 9:43:59 AM org.hibernate.engine.transaction.jta.platform.internal.JtaPlatformInitiator initiateService
INFO: HHH000490: Using JtaPlatform implementation: [org.hibernate.engine.transaction.jta.platform.internal.NoJtaPlatform]
mar. 18, 2026 9:43:59 AM org.hibernate.engine.jdbc.connections.internal.DriverManagerConnectionProviderImpl$PoolState stop
INFO: HHH10001008: Cleaning up connection pool [jdbc:postgresql://localhost:5432/vendas_online]
mar. 18, 2026 9:43:59 AM org.hibernate.jpa.internal.util.LogHelper logPersistenceUnitInformation
INFO: HHH000204: Processing PersistenceUnitInfo [name: ExemploJPA]
mar. 18, 2026 9:43:59 AM org.hibernate.engine.jdbc.connections.internal.DriverManagerConnectionProviderImpl configure
WARN: HHH10001002: Using Hibernate built-in connection pool (not for production use!)
mar. 18, 2026 9:43:59 AM org.hibernate.engine.jdbc.connections.internal.DriverManagerConnectionProviderImpl buildCreator
INFO: HHH10001005: using driver [org.postgresql.Driver] at URL [jdbc:postgresql://localhost:5432/vendas_online]
mar. 18, 2026 9:43:59 AM org.hibernate.engine.jdbc.connections.internal.DriverManagerConnectionProviderImpl buildCreator
INFO: HHH10001001: Connection properties: {password=****, user=postgres}
mar. 18, 2026 9:43:59 AM org.hibernate.engine.jdbc.connections.internal.DriverManagerConnectionProviderImpl buildCreator
INFO: HHH10001003: Autocommit mode: false
mar. 18, 2026 9:43:59 AM org.hibernate.engine.jdbc.connections.internal.DriverManagerConnectionProviderImpl$PooledConnections <init>
INFO: HHH000115: Hibernate connection pool size: 20 (min=1)
mar. 18, 2026 9:43:59 AM org.hibernate.dialect.Dialect <init>
INFO: HHH000400: Using dialect: org.hibernate.dialect.PostgreSQLDialect
mar. 18, 2026 9:43:59 AM org.hibernate.resource.transaction.backend.jdbc.internal.DdlTransactionIsolatorNonJtaImpl getIsolatedConnection
INFO: HHH10001501: Connection obtained from JdbcConnectionAccess [org.hibernate.engine.jdbc.env.internal.JdbcEnvironmentInitiator$ConnectionProviderJdbcConnectionAccess@7d6497d7] for (non-JTA) DDL execution was not in auto-commit mode; the Connection 'local transaction' will be committed and the Connection will be set into auto-commit mode.
mar. 18, 2026 9:43:59 AM org.hibernate.engine.transaction.jta.platform.internal.JtaPlatformInitiator initiateService
INFO: HHH000490: Using JtaPlatform implementation: [org.hibernate.engine.transaction.jta.platform.internal.NoJtaPlatform]
mar. 18, 2026 9:43:59 AM org.hibernate.engine.jdbc.connections.internal.DriverManagerConnectionProviderImpl$PoolState stop
INFO: HHH10001008: Cleaning up connection pool [jdbc:postgresql://localhost:5432/vendas_online]
mar. 18, 2026 9:43:59 AM org.hibernate.jpa.internal.util.LogHelper logPersistenceUnitInformation
INFO: HHH000204: Processing PersistenceUnitInfo [name: ExemploJPA]
mar. 18, 2026 9:43:59 AM org.hibernate.engine.jdbc.connections.internal.DriverManagerConnectionProviderImpl configure
WARN: HHH10001002: Using Hibernate built-in connection pool (not for production use!)
mar. 18, 2026 9:43:59 AM org.hibernate.engine.jdbc.connections.internal.DriverManagerConnectionProviderImpl buildCreator
INFO: HHH10001005: using driver [org.postgresql.Driver] at URL [jdbc:postgresql://localhost:5432/vendas_online]
mar. 18, 2026 9:43:59 AM org.hibernate.engine.jdbc.connections.internal.DriverManagerConnectionProviderImpl buildCreator
INFO: HHH10001001: Connection properties: {password=****, user=postgres}
mar. 18, 2026 9:43:59 AM org.hibernate.engine.jdbc.connections.internal.DriverManagerConnectionProviderImpl buildCreator
INFO: HHH10001003: Autocommit mode: false
mar. 18, 2026 9:43:59 AM org.hibernate.engine.jdbc.connections.internal.DriverManagerConnectionProviderImpl$PooledConnections <init>
INFO: HHH000115: Hibernate connection pool size: 20 (min=1)
mar. 18, 2026 9:43:59 AM org.hibernate.dialect.Dialect <init>
INFO: HHH000400: Using dialect: org.hibernate.dialect.PostgreSQLDialect
mar. 18, 2026 9:43:59 AM org.hibernate.resource.transaction.backend.jdbc.internal.DdlTransactionIsolatorNonJtaImpl getIsolatedConnection
INFO: HHH10001501: Connection obtained from JdbcConnectionAccess [org.hibernate.engine.jdbc.env.internal.JdbcEnvironmentInitiator$ConnectionProviderJdbcConnectionAccess@2132b483] for (non-JTA) DDL execution was not in auto-commit mode; the Connection 'local transaction' will be committed and the Connection will be set into auto-commit mode.
mar. 18, 2026 9:43:59 AM org.hibernate.engine.transaction.jta.platform.internal.JtaPlatformInitiator initiateService
INFO: HHH000490: Using JtaPlatform implementation: [org.hibernate.engine.transaction.jta.platform.internal.NoJtaPlatform]
mar. 18, 2026 9:43:59 AM org.hibernate.engine.jdbc.connections.internal.DriverManagerConnectionProviderImpl$PoolState stop
INFO: HHH10001008: Cleaning up connection pool [jdbc:postgresql://localhost:5432/vendas_online]
mar. 18, 2026 9:43:59 AM org.hibernate.engine.jdbc.connections.internal.DriverManagerConnectionProviderImpl$PooledConnections close
ERROR: Connection leak detected: there are 1 unclosed connections upon shutting down pool jdbc:postgresql://localhost:5432/vendas_online
mar. 18, 2026 9:43:59 AM org.hibernate.engine.jdbc.connections.internal.DriverManagerConnectionProviderImpl validateConnectionsReturned
ERROR: Connection leak detected: there are 1 unclosed connections!
mar. 18, 2026 9:43:59 AM org.hibernate.jpa.internal.util.LogHelper logPersistenceUnitInformation
INFO: HHH000204: Processing PersistenceUnitInfo [name: ExemploJPA]
mar. 18, 2026 9:43:59 AM org.hibernate.engine.jdbc.connections.internal.DriverManagerConnectionProviderImpl configure
WARN: HHH10001002: Using Hibernate built-in connection pool (not for production use!)
mar. 18, 2026 9:43:59 AM org.hibernate.engine.jdbc.connections.internal.DriverManagerConnectionProviderImpl buildCreator
INFO: HHH10001005: using driver [org.postgresql.Driver] at URL [jdbc:postgresql://localhost:5432/vendas_online]
mar. 18, 2026 9:43:59 AM org.hibernate.engine.jdbc.connections.internal.DriverManagerConnectionProviderImpl buildCreator
INFO: HHH10001001: Connection properties: {password=****, user=postgres}
mar. 18, 2026 9:43:59 AM org.hibernate.engine.jdbc.connections.internal.DriverManagerConnectionProviderImpl buildCreator
INFO: HHH10001003: Autocommit mode: false
mar. 18, 2026 9:43:59 AM org.hibernate.engine.jdbc.connections.internal.DriverManagerConnectionProviderImpl$PooledConnections <init>
INFO: HHH000115: Hibernate connection pool size: 20 (min=1)
mar. 18, 2026 9:43:59 AM org.hibernate.dialect.Dialect <init>
INFO: HHH000400: Using dialect: org.hibernate.dialect.PostgreSQLDialect
mar. 18, 2026 9:43:59 AM org.hibernate.resource.transaction.backend.jdbc.internal.DdlTransactionIsolatorNonJtaImpl getIsolatedConnection
INFO: HHH10001501: Connection obtained from JdbcConnectionAccess [org.hibernate.engine.jdbc.env.internal.JdbcEnvironmentInitiator$ConnectionProviderJdbcConnectionAccess@2f7527c3] for (non-JTA) DDL execution was not in auto-commit mode; the Connection 'local transaction' will be committed and the Connection will be set into auto-commit mode.
mar. 18, 2026 9:43:59 AM org.hibernate.engine.transaction.jta.platform.internal.JtaPlatformInitiator initiateService
INFO: HHH000490: Using JtaPlatform implementation: [org.hibernate.engine.transaction.jta.platform.internal.NoJtaPlatform]
mar. 18, 2026 9:43:59 AM org.hibernate.engine.jdbc.connections.internal.DriverManagerConnectionProviderImpl$PoolState stop
INFO: HHH10001008: Cleaning up connection pool [jdbc:postgresql://localhost:5432/vendas_online]
mar. 18, 2026 9:43:59 AM org.hibernate.jpa.internal.util.LogHelper logPersistenceUnitInformation
INFO: HHH000204: Processing PersistenceUnitInfo [name: ExemploJPA]
mar. 18, 2026 9:43:59 AM org.hibernate.engine.jdbc.connections.internal.DriverManagerConnectionProviderImpl configure
WARN: HHH10001002: Using Hibernate built-in connection pool (not for production use!)
mar. 18, 2026 9:43:59 AM org.hibernate.engine.jdbc.connections.internal.DriverManagerConnectionProviderImpl buildCreator
INFO: HHH10001005: using driver [org.postgresql.Driver] at URL [jdbc:postgresql://localhost:5432/vendas_online]
mar. 18, 2026 9:43:59 AM org.hibernate.engine.jdbc.connections.internal.DriverManagerConnectionProviderImpl buildCreator
INFO: HHH10001001: Connection properties: {password=****, user=postgres}
mar. 18, 2026 9:43:59 AM org.hibernate.engine.jdbc.connections.internal.DriverManagerConnectionProviderImpl buildCreator
INFO: HHH10001003: Autocommit mode: false
mar. 18, 2026 9:43:59 AM org.hibernate.engine.jdbc.connections.internal.DriverManagerConnectionProviderImpl$PooledConnections <init>
INFO: HHH000115: Hibernate connection pool size: 20 (min=1)
mar. 18, 2026 9:43:59 AM org.hibernate.dialect.Dialect <init>
INFO: HHH000400: Using dialect: org.hibernate.dialect.PostgreSQLDialect
mar. 18, 2026 9:43:59 AM org.hibernate.resource.transaction.backend.jdbc.internal.DdlTransactionIsolatorNonJtaImpl getIsolatedConnection
INFO: HHH10001501: Connection obtained from JdbcConnectionAccess [org.hibernate.engine.jdbc.env.internal.JdbcEnvironmentInitiator$ConnectionProviderJdbcConnectionAccess@73db8f00] for (non-JTA) DDL execution was not in auto-commit mode; the Connection 'local transaction' will be committed and the Connection will be set into auto-commit mode.
mar. 18, 2026 9:43:59 AM org.hibernate.engine.transaction.jta.platform.internal.JtaPlatformInitiator initiateService
INFO: HHH000490: Using JtaPlatform implementation: [org.hibernate.engine.transaction.jta.platform.internal.NoJtaPlatform]
mar. 18, 2026 9:43:59 AM org.hibernate.engine.jdbc.connections.internal.DriverManagerConnectionProviderImpl$PoolState stop
INFO: HHH10001008: Cleaning up connection pool [jdbc:postgresql://localhost:5432/vendas_online]
mar. 18, 2026 9:43:59 AM org.hibernate.engine.jdbc.connections.internal.DriverManagerConnectionProviderImpl$PooledConnections close
ERROR: Connection leak detected: there are 1 unclosed connections upon shutting down pool jdbc:postgresql://localhost:5432/vendas_online
mar. 18, 2026 9:43:59 AM org.hibernate.engine.jdbc.connections.internal.DriverManagerConnectionProviderImpl validateConnectionsReturned
ERROR: Connection leak detected: there are 1 unclosed connections!
mar. 18, 2026 9:43:59 AM org.hibernate.jpa.internal.util.LogHelper logPersistenceUnitInformation
INFO: HHH000204: Processing PersistenceUnitInfo [name: ExemploJPA]
mar. 18, 2026 9:43:59 AM org.hibernate.engine.jdbc.connections.internal.DriverManagerConnectionProviderImpl configure
WARN: HHH10001002: Using Hibernate built-in connection pool (not for production use!)
mar. 18, 2026 9:43:59 AM org.hibernate.engine.jdbc.connections.internal.DriverManagerConnectionProviderImpl buildCreator
INFO: HHH10001005: using driver [org.postgresql.Driver] at URL [jdbc:postgresql://localhost:5432/vendas_online]
mar. 18, 2026 9:43:59 AM org.hibernate.engine.jdbc.connections.internal.DriverManagerConnectionProviderImpl buildCreator
INFO: HHH10001001: Connection properties: {password=****, user=postgres}
mar. 18, 2026 9:43:59 AM org.hibernate.engine.jdbc.connections.internal.DriverManagerConnectionProviderImpl buildCreator
INFO: HHH10001003: Autocommit mode: false
mar. 18, 2026 9:43:59 AM org.hibernate.engine.jdbc.connections.internal.DriverManagerConnectionProviderImpl$PooledConnections <init>
INFO: HHH000115: Hibernate connection pool size: 20 (min=1)
mar. 18, 2026 9:43:59 AM org.hibernate.dialect.Dialect <init>
INFO: HHH000400: Using dialect: org.hibernate.dialect.PostgreSQLDialect
mar. 18, 2026 9:43:59 AM org.hibernate.resource.transaction.backend.jdbc.internal.DdlTransactionIsolatorNonJtaImpl getIsolatedConnection
INFO: HHH10001501: Connection obtained from JdbcConnectionAccess [org.hibernate.engine.jdbc.env.internal.JdbcEnvironmentInitiator$ConnectionProviderJdbcConnectionAccess@6a9d48e5] for (non-JTA) DDL execution was not in auto-commit mode; the Connection 'local transaction' will be committed and the Connection will be set into auto-commit mode.
mar. 18, 2026 9:43:59 AM org.hibernate.engine.transaction.jta.platform.internal.JtaPlatformInitiator initiateService
INFO: HHH000490: Using JtaPlatform implementation: [org.hibernate.engine.transaction.jta.platform.internal.NoJtaPlatform]
mar. 18, 2026 9:43:59 AM org.hibernate.engine.jdbc.connections.internal.DriverManagerConnectionProviderImpl$PoolState stop
INFO: HHH10001008: Cleaning up connection pool [jdbc:postgresql://localhost:5432/vendas_online]
]]></system-err>
  </testcase>
</testsuite>