<?xml version="1.0" encoding="UTF-8"?>
<testsuite xmlns:xsi="http://www.w3.org/2001/XMLSchema-instance" xsi:noNamespaceSchemaLocation="https://maven.apache.org/surefire/maven-surefire-plugin/xsd/surefire-test-report-3.0.xsd" version="3.0" name="br.com.aylan.ClienteServiceTest" time="0.062" tests="4" errors="0" skipped="0" failures="0">
  <properties>
[...]
</properties>
  <testcase name="salvarCliente" classname="br.com.aylan.ClienteServiceTest" time="0.004"/>
  <testcase name="excluirCliente" classname="br.com.aylan.ClienteServiceTest" time="0.0"/>
  <testcase name="pesquisarCliente" classname="br.com.aylan.ClienteServiceTest" time="0.0"/>
  <testcase name="alterarCliente" classname="br.com.aylan.ClienteServiceTest" time="0.0"/>
</testsuite>