<?xml version="1.0" encoding="UTF-8" ?>
<testsuite tests="5" failures="0" name="br.com.rpires.jpa.ProdutoJpaDAOTest" time="6.232" errors="0" skipped="0">
  <properties>
[...]
</properties>
  <testcase classname="br.com.rpires.jpa.ProdutoJpaDAOTest" name="excluir" time="2.88"/>
  <testcase classname="br.com.rpires.jpa.ProdutoJpaDAOTest" name="salvar" time="0.609"/>
  <testcase classname="br.com.rpires.jpa.ProdutoJpaDAOTest" name="alterarCliente" time="0.993"/>
  <testcase classname="br.com.rpires.jpa.ProdutoJpaDAOTest" name="buscarTodos" time="1.155"/>
  <testcase classname="br.com.rpires.jpa.ProdutoJpaDAOTest" name="pesquisar" time="0.595"/>
</testsuite>